#
# There is insufficient memory for the Java Runtime Environment to continue.
# Native memory allocation (malloc) failed to allocate 1058896 bytes for Chunk::new
# Possible reasons:
#   The system is out of physical RAM or swap space
#   The process is running with CompressedOops enabled, and the Java Heap may be blocking the growth of the native heap
# Possible solutions:
#   Reduce memory load on the system
#   Increase physical memory or swap space
#   Check if swap backing store is full
#   Decrease Java heap size (-Xmx/-Xms)
#   Decrease number of Java threads
#   Decrease Java thread stack sizes (-Xss)
#   Set larger code cache with -XX:ReservedCodeCacheSize=
#   JVM is running with Zero Based Compressed Oops mode in which the Java heap is
#     placed in the first 32GB address space. The Java Heap base address is the
#     maximum limit for the native heap growth. Please use -XX:HeapBaseMinAddress
#     to set the Java Heap base and to place the Java Heap above 32GB virtual address.
# This output file may be truncated or incomplete.
#
#  Out of Memory Error (allocation.cpp:389), pid=32140, tid=0x0000000000005f68
#
# JRE version: Java(TM) SE Runtime Environment (8.0_202-b08) (build 1.8.0_202-b08)
# Java VM: Java HotSpot(TM) 64-Bit Server VM (25.202-b08 mixed mode windows-amd64 compressed oops)
# Failed to write core dump. Minidumps are not enabled by default on client versions of Windows
#

---------------  T H R E A D  ---------------

Current thread (0x000000001ecce800):  JavaThread "C2 CompilerThread0" daemon [_thread_in_native, id=24424, stack(0x0000000020dd0000,0x0000000020ed0000)]

Stack: [0x0000000020dd0000,0x0000000020ed0000]
[error occurred during error reporting (printing stack bounds), id 0xc0000005]

Native frames: (J=compiled Java code, j=interpreted, Vv=VM code, C=native code)


Current CompileTask:
C2:   2389 4576   !   4       java.net.URLClassLoader$1::run (63 bytes)


---------------  P R O C E S S  ---------------

Java Threads: ( => current thread )
  0x000000001edb8800 JavaThread "Service Thread" daemon [_thread_blocked, id=40316, stack(0x0000000021ad0000,0x0000000021bd0000)]
  0x000000001ed5e000 JavaThread "C1 CompilerThread11" daemon [_thread_blocked, id=15448, stack(0x00000000219d0000,0x0000000021ad0000)]
  0x000000001ed29800 JavaThread "C1 CompilerThread10" daemon [_thread_blocked, id=35932, stack(0x00000000218d0000,0x00000000219d0000)]
  0x000000001ecfa800 JavaThread "C1 CompilerThread9" daemon [_thread_blocked, id=6192, stack(0x00000000217d0000,0x00000000218d0000)]
  0x000000001ecf2000 JavaThread "C1 CompilerThread8" daemon [_thread_blocked, id=38760, stack(0x00000000216d0000,0x00000000217d0000)]
  0x000000001ece8000 JavaThread "C2 CompilerThread7" daemon [_thread_blocked, id=11380, stack(0x00000000215d0000,0x00000000216d0000)]
  0x000000001ece7800 JavaThread "C2 CompilerThread6" daemon [_thread_in_native, id=43056, stack(0x00000000213d0000,0x00000000214d0000)]
  0x000000001ecdd800 JavaThread "C2 CompilerThread5" daemon [_thread_blocked, id=37148, stack(0x00000000212d0000,0x00000000213d0000)]
  0x000000001ecdb000 JavaThread "C2 CompilerThread4" daemon [_thread_in_native, id=35416, stack(0x00000000211d0000,0x00000000212d0000)]
  0x000000001ecd2000 JavaThread "C2 CompilerThread3" daemon [_thread_in_native, id=38336, stack(0x00000000210d0000,0x00000000211d0000)]
  0x000000001ecd1000 JavaThread "C2 CompilerThread2" daemon [_thread_in_native, id=38676, stack(0x0000000020fd0000,0x00000000210d0000)]
  0x000000001eccf800 JavaThread "C2 CompilerThread1" daemon [_thread_in_native, id=15820, stack(0x0000000020ed0000,0x0000000020fd0000)]
=>0x000000001ecce800 JavaThread "C2 CompilerThread0" daemon [_thread_in_native, id=24424, stack(0x0000000020dd0000,0x0000000020ed0000)]
  0x000000001ecc0800 JavaThread "Monitor Ctrl-Break" daemon [_thread_in_native, id=22620, stack(0x0000000020cd0000,0x0000000020dd0000)]
  0x000000001ec59000 JavaThread "Attach Listener" daemon [_thread_blocked, id=39248, stack(0x0000000020bd0000,0x0000000020cd0000)]
  0x000000001ec58000 JavaThread "Signal Dispatcher" daemon [_thread_blocked, id=35680, stack(0x0000000020ad0000,0x0000000020bd0000)]
  0x000000001ec3b000 JavaThread "Finalizer" daemon [_thread_blocked, id=43956, stack(0x00000000208b0000,0x00000000209b0000)]
  0x000000001ec38000 JavaThread "Reference Handler" daemon [_thread_blocked, id=43900, stack(0x00000000207b0000,0x00000000208b0000)]
  0x0000000002fb3800 JavaThread "main" [_thread_in_Java, id=8456, stack(0x0000000002d20000,0x0000000002e20000)]

Other Threads:
  0x000000001ec16000 VMThread [stack: 0x00000000206b0000,0x00000000207b0000] [id=37332]
  0x000000001edba800 WatcherThread [stack: 0x0000000021bd0000,0x0000000021cd0000] [id=40112]

VM state:not at safepoint (normal execution)

VM Mutex/Monitor currently owned by a thread: None

heap address: 0x00000006c5e00000, size: 4002 MB, Compressed Oops mode: Zero based, Oop shift amount: 3
Narrow klass base: 0x0000000000000000, Narrow klass shift: 3
Compressed class space size: 1073741824 Address: 0x00000007c0000000

Heap:
 PSYoungGen      total 93696K, used 50141K [0x000000076ca00000, 0x0000000775780000, 0x00000007c0000000)
  eden space 88576K, 51% used [0x000000076ca00000,0x000000076f667168,0x0000000772080000)
  from space 5120K, 91% used [0x0000000775280000,0x0000000775710470,0x0000000775780000)
  to   space 10752K, 0% used [0x0000000774280000,0x0000000774280000,0x0000000774d00000)
 ParOldGen       total 112128K, used 9027K [0x00000006c5e00000, 0x00000006ccb80000, 0x000000076ca00000)
  object space 112128K, 8% used [0x00000006c5e00000,0x00000006c66d0c58,0x00000006ccb80000)
 Metaspace       used 24342K, capacity 25294K, committed 25472K, reserved 1071104K
  class space    used 2921K, capacity 3118K, committed 3200K, reserved 1048576K

Card table byte_map: [0x0000000012470000,0x0000000012c50000] byte_map_base: 0x000000000ee41000

Marking Bits: (ParMarkBitMap*) 0x0000000070b05ce0
 Begin Bits: [0x0000000014090000, 0x0000000017f18000)
 End Bits:   [0x0000000017f18000, 0x000000001bda0000)

Polling page: 0x0000000002a10000

CodeCache: size=245760Kb used=17741Kb max_used=17741Kb free=228018Kb
 bounds [0x00000000030b0000, 0x0000000004210000, 0x00000000120b0000]
 total_blobs=5096 nmethods=4668 adapters=337
 compilation: enabled

Compilation events (10 events):
Event: 2.385 Thread 0x000000001ecfa800 nmethod 4689 0x00000000041ff1d0 code [0x00000000041ff340, 0x00000000041ff5d0]
Event: 2.385 Thread 0x000000001ed5e000 nmethod 4690 0x0000000004202810 code [0x0000000004202960, 0x0000000004202a70]
Event: 2.385 Thread 0x000000001ed29800 4691       3       org.codehaus.plexus.util.SelectorUtils::match (520 bytes)
Event: 2.385 Thread 0x000000001ecf2000 4693       3       org.codehaus.plexus.util.SelectorUtils::matchAntPathPattern (423 bytes)
Event: 2.385 Thread 0x000000001ecfa800 4692       3       org.codehaus.plexus.util.MatchPattern::matchPath (26 bytes)
Event: 2.386 Thread 0x000000001ecfa800 nmethod 4692 0x0000000004209ed0 code [0x000000000420a080, 0x000000000420a738]
Event: 2.386 Thread 0x000000001ed29800 nmethod 4691 0x0000000004207f50 code [0x00000000042081e0, 0x0000000004209518]
Event: 2.386 Thread 0x000000001ecf2000 nmethod 4693 0x000000000420b7d0 code [0x000000000420bac0, 0x000000000420d4a8]
Event: 2.387 Thread 0x000000001ed5e000 4694  s    3       java.util.jar.JarFile::getInputStream (89 bytes)
Event: 2.387 Thread 0x000000001ed5e000 nmethod 4694 0x000000000420e390 code [0x000000000420e5a0, 0x000000000420f148]

GC Heap History (10 events):
Event: 0.595 GC heap before
{Heap before GC invocations=1 (full 0):
 PSYoungGen      total 75264K, used 64512K [0x000000076ca00000, 0x0000000771e00000, 0x00000007c0000000)
  eden space 64512K, 100% used [0x000000076ca00000,0x0000000770900000,0x0000000770900000)
  from space 10752K, 0% used [0x0000000771380000,0x0000000771380000,0x0000000771e00000)
  to   space 10752K, 0% used [0x0000000770900000,0x0000000770900000,0x0000000771380000)
 ParOldGen       total 172032K, used 0K [0x00000006c5e00000, 0x00000006d0600000, 0x000000076ca00000)
  object space 172032K, 0% used [0x00000006c5e00000,0x00000006c5e00000,0x00000006d0600000)
 Metaspace       used 11571K, capacity 11906K, committed 12032K, reserved 1060864K
  class space    used 1415K, capacity 1533K, committed 1536K, reserved 1048576K
Event: 0.600 GC heap after
Heap after GC invocations=1 (full 0):
 PSYoungGen      total 75264K, used 8099K [0x000000076ca00000, 0x0000000771e00000, 0x00000007c0000000)
  eden space 64512K, 0% used [0x000000076ca00000,0x000000076ca00000,0x0000000770900000)
  from space 10752K, 75% used [0x0000000770900000,0x00000007710e8cf8,0x0000000771380000)
  to   space 10752K, 0% used [0x0000000771380000,0x0000000771380000,0x0000000771e00000)
 ParOldGen       total 172032K, used 16K [0x00000006c5e00000, 0x00000006d0600000, 0x000000076ca00000)
  object space 172032K, 0% used [0x00000006c5e00000,0x00000006c5e04000,0x00000006d0600000)
 Metaspace       used 11571K, capacity 11906K, committed 12032K, reserved 1060864K
  class space    used 1415K, capacity 1533K, committed 1536K, reserved 1048576K
}
Event: 1.119 GC heap before
{Heap before GC invocations=2 (full 0):
 PSYoungGen      total 75264K, used 72611K [0x000000076ca00000, 0x0000000771e00000, 0x00000007c0000000)
  eden space 64512K, 100% used [0x000000076ca00000,0x0000000770900000,0x0000000770900000)
  from space 10752K, 75% used [0x0000000770900000,0x00000007710e8cf8,0x0000000771380000)
  to   space 10752K, 0% used [0x0000000771380000,0x0000000771380000,0x0000000771e00000)
 ParOldGen       total 172032K, used 16K [0x00000006c5e00000, 0x00000006d0600000, 0x000000076ca00000)
  object space 172032K, 0% used [0x00000006c5e00000,0x00000006c5e04000,0x00000006d0600000)
 Metaspace       used 17591K, capacity 18010K, committed 18304K, reserved 1064960K
  class space    used 2215K, capacity 2373K, committed 2432K, reserved 1048576K
Event: 1.125 GC heap after
Heap after GC invocations=2 (full 0):
 PSYoungGen      total 75264K, used 10525K [0x000000076ca00000, 0x0000000771e00000, 0x00000007c0000000)
  eden space 64512K, 0% used [0x000000076ca00000,0x000000076ca00000,0x0000000770900000)
  from space 10752K, 97% used [0x0000000771380000,0x0000000771dc7528,0x0000000771e00000)
  to   space 10752K, 0% used [0x0000000770900000,0x0000000770900000,0x0000000771380000)
 ParOldGen       total 172032K, used 32K [0x00000006c5e00000, 0x00000006d0600000, 0x000000076ca00000)
  object space 172032K, 0% used [0x00000006c5e00000,0x00000006c5e08000,0x00000006d0600000)
 Metaspace       used 17591K, capacity 18010K, committed 18304K, reserved 1064960K
  class space    used 2215K, capacity 2373K, committed 2432K, reserved 1048576K
}
Event: 1.481 GC heap before
{Heap before GC invocations=3 (full 0):
 PSYoungGen      total 75264K, used 45824K [0x000000076ca00000, 0x0000000771e00000, 0x00000007c0000000)
  eden space 64512K, 54% used [0x000000076ca00000,0x000000076ec78e98,0x0000000770900000)
  from space 10752K, 97% used [0x0000000771380000,0x0000000771dc7528,0x0000000771e00000)
  to   space 10752K, 0% used [0x0000000770900000,0x0000000770900000,0x0000000771380000)
 ParOldGen       total 172032K, used 32K [0x00000006c5e00000, 0x00000006d0600000, 0x000000076ca00000)
  object space 172032K, 0% used [0x00000006c5e00000,0x00000006c5e08000,0x00000006d0600000)
 Metaspace       used 20494K, capacity 21106K, committed 21248K, reserved 1067008K
  class space    used 2553K, capacity 2724K, committed 2816K, reserved 1048576K
Event: 1.487 GC heap after
Heap after GC invocations=3 (full 0):
 PSYoungGen      total 75264K, used 9366K [0x000000076ca00000, 0x0000000775d00000, 0x00000007c0000000)
  eden space 64512K, 0% used [0x000000076ca00000,0x000000076ca00000,0x0000000770900000)
  from space 10752K, 87% used [0x0000000770900000,0x0000000771225a68,0x0000000771380000)
  to   space 10752K, 0% used [0x0000000775280000,0x0000000775280000,0x0000000775d00000)
 ParOldGen       total 172032K, used 40K [0x00000006c5e00000, 0x00000006d0600000, 0x000000076ca00000)
  object space 172032K, 0% used [0x00000006c5e00000,0x00000006c5e0a000,0x00000006d0600000)
 Metaspace       used 20494K, capacity 21106K, committed 21248K, reserved 1067008K
  class space    used 2553K, capacity 2724K, committed 2816K, reserved 1048576K
}
Event: 1.487 GC heap before
{Heap before GC invocations=4 (full 1):
 PSYoungGen      total 75264K, used 9366K [0x000000076ca00000, 0x0000000775d00000, 0x00000007c0000000)
  eden space 64512K, 0% used [0x000000076ca00000,0x000000076ca00000,0x0000000770900000)
  from space 10752K, 87% used [0x0000000770900000,0x0000000771225a68,0x0000000771380000)
  to   space 10752K, 0% used [0x0000000775280000,0x0000000775280000,0x0000000775d00000)
 ParOldGen       total 172032K, used 40K [0x00000006c5e00000, 0x00000006d0600000, 0x000000076ca00000)
  object space 172032K, 0% used [0x00000006c5e00000,0x00000006c5e0a000,0x00000006d0600000)
 Metaspace       used 20494K, capacity 21106K, committed 21248K, reserved 1067008K
  class space    used 2553K, capacity 2724K, committed 2816K, reserved 1048576K
Event: 1.511 GC heap after
Heap after GC invocations=4 (full 1):
 PSYoungGen      total 75264K, used 0K [0x000000076ca00000, 0x0000000775d00000, 0x00000007c0000000)
  eden space 64512K, 0% used [0x000000076ca00000,0x000000076ca00000,0x0000000770900000)
  from space 10752K, 0% used [0x0000000770900000,0x0000000770900000,0x0000000771380000)
  to   space 10752K, 0% used [0x0000000775280000,0x0000000775280000,0x0000000775d00000)
 ParOldGen       total 112128K, used 9019K [0x00000006c5e00000, 0x00000006ccb80000, 0x000000076ca00000)
  object space 112128K, 8% used [0x00000006c5e00000,0x00000006c66cec58,0x00000006ccb80000)
 Metaspace       used 20494K, capacity 21106K, committed 21248K, reserved 1067008K
  class space    used 2553K, capacity 2724K, committed 2816K, reserved 1048576K
}
Event: 2.025 GC heap before
{Heap before GC invocations=5 (full 1):
 PSYoungGen      total 75264K, used 64512K [0x000000076ca00000, 0x0000000775d00000, 0x00000007c0000000)
  eden space 64512K, 100% used [0x000000076ca00000,0x0000000770900000,0x0000000770900000)
  from space 10752K, 0% used [0x0000000770900000,0x0000000770900000,0x0000000771380000)
  to   space 10752K, 0% used [0x0000000775280000,0x0000000775280000,0x0000000775d00000)
 ParOldGen       total 112128K, used 9019K [0x00000006c5e00000, 0x00000006ccb80000, 0x000000076ca00000)
  object space 112128K, 8% used [0x00000006c5e00000,0x00000006c66cec58,0x00000006ccb80000)
 Metaspace       used 21920K, capacity 22758K, committed 22912K, reserved 1069056K
  class space    used 2632K, capacity 2840K, committed 2944K, reserved 1048576K
Event: 2.027 GC heap after
Heap after GC invocations=5 (full 1):
 PSYoungGen      total 93696K, used 4673K [0x000000076ca00000, 0x0000000775780000, 0x00000007c0000000)
  eden space 88576K, 0% used [0x000000076ca00000,0x000000076ca00000,0x0000000772080000)
  from space 5120K, 91% used [0x0000000775280000,0x0000000775710470,0x0000000775780000)
  to   space 10752K, 0% used [0x0000000774280000,0x0000000774280000,0x0000000774d00000)
 ParOldGen       total 112128K, used 9027K [0x00000006c5e00000, 0x00000006ccb80000, 0x000000076ca00000)
  object space 112128K, 8% used [0x00000006c5e00000,0x00000006c66d0c58,0x00000006ccb80000)
 Metaspace       used 21920K, capacity 22758K, committed 22912K, reserved 1069056K
  class space    used 2632K, capacity 2840K, committed 2944K, reserved 1048576K
}

Deoptimization events (10 events):
Event: 2.085 Thread 0x0000000002fb3800 Uncommon trap: reason=class_check action=maybe_recompile pc=0x0000000003f929ec method=org.codehaus.plexus.interpolation.MapBasedValueSource.getValue(Ljava/lang/String;)Ljava/lang/Object; @ 16
Event: 2.085 Thread 0x0000000002fb3800 Uncommon trap: reason=class_check action=maybe_recompile pc=0x0000000003f929ec method=org.codehaus.plexus.interpolation.MapBasedValueSource.getValue(Ljava/lang/String;)Ljava/lang/Object; @ 16
Event: 2.085 Thread 0x0000000002fb3800 Uncommon trap: reason=class_check action=maybe_recompile pc=0x0000000003f929ec method=org.codehaus.plexus.interpolation.MapBasedValueSource.getValue(Ljava/lang/String;)Ljava/lang/Object; @ 16
Event: 2.085 Thread 0x0000000002fb3800 Uncommon trap: reason=class_check action=maybe_recompile pc=0x0000000003f929ec method=org.codehaus.plexus.interpolation.MapBasedValueSource.getValue(Ljava/lang/String;)Ljava/lang/Object; @ 16
Event: 2.180 Thread 0x0000000002fb3800 Uncommon trap: reason=unstable_if action=reinterpret pc=0x0000000003970f3c method=com.google.inject.internal.MoreTypes.canonicalize(Ljava/lang/reflect/Type;)Ljava/lang/reflect/Type; @ 16
Event: 2.180 Thread 0x0000000002fb3800 Uncommon trap: reason=class_check action=maybe_recompile pc=0x00000000039500f4 method=com.google.inject.internal.MoreTypes.getRawType(Ljava/lang/reflect/Type;)Ljava/lang/Class; @ 13
Event: 2.181 Thread 0x0000000002fb3800 Uncommon trap: reason=unstable_if action=reinterpret pc=0x000000000396a5d8 method=com.google.inject.internal.MoreTypes.canonicalize(Ljava/lang/reflect/Type;)Ljava/lang/reflect/Type; @ 16
Event: 2.181 Thread 0x0000000002fb3800 Uncommon trap: reason=class_check action=maybe_recompile pc=0x00000000039500f4 method=com.google.inject.internal.MoreTypes.getRawType(Ljava/lang/reflect/Type;)Ljava/lang/Class; @ 13
Event: 2.182 Thread 0x0000000002fb3800 Uncommon trap: reason=class_check action=maybe_recompile pc=0x00000000039500f4 method=com.google.inject.internal.MoreTypes.getRawType(Ljava/lang/reflect/Type;)Ljava/lang/Class; @ 13
Event: 2.182 Thread 0x0000000002fb3800 Uncommon trap: reason=class_check action=maybe_recompile pc=0x00000000039500f4 method=com.google.inject.internal.MoreTypes.getRawType(Ljava/lang/reflect/Type;)Ljava/lang/Class; @ 13

Classes redefined (0 events):
No events

Internal exceptions (10 events):
Event: 0.916 Thread 0x0000000002fb3800 Implicit null exception at 0x00000000035bef0c to 0x00000000035bf0b9
Event: 1.054 Thread 0x0000000002fb3800 Exception <a 'java/lang/NoClassDefFoundError': com/google/inject/servlet/ServletModuleTargetVisitor> (0x00000007702bf228) thrown at [C:\re\workspace\8-2-build-windows-amd64-cygwin\jdk8u202\12323\hotspot\src\share\vm\classfile\systemDictionary.cpp, line 19
Event: 1.054 Thread 0x0000000002fb3800 Exception <a 'java/lang/NoClassDefFoundError'> (0x00000007702bf228) thrown at [C:\re\workspace\8-2-build-windows-amd64-cygwin\jdk8u202\12323\hotspot\src\share\vm\prims\jvm.cpp, line 1506]
Event: 1.222 Thread 0x0000000002fb3800 Implicit null exception at 0x000000000355d9d6 to 0x000000000355dd81
Event: 1.222 Thread 0x0000000002fb3800 Implicit null exception at 0x00000000034d8f99 to 0x00000000034d9365
Event: 1.411 Thread 0x0000000002fb3800 Exception <a 'sun/nio/fs/WindowsException'> (0x000000076e490228) thrown at [C:\re\workspace\8-2-build-windows-amd64-cygwin\jdk8u202\12323\hotspot\src\share\vm\prims\jni.cpp, line 710]
Event: 1.414 Thread 0x0000000002fb3800 Exception <a 'sun/nio/fs/WindowsException'> (0x000000076e4ba468) thrown at [C:\re\workspace\8-2-build-windows-amd64-cygwin\jdk8u202\12323\hotspot\src\share\vm\prims\jni.cpp, line 710]
Event: 1.429 Thread 0x0000000002fb3800 Implicit null exception at 0x0000000003b1c502 to 0x0000000003b1d835
Event: 1.548 Thread 0x0000000002fb3800 Implicit null exception at 0x0000000003729615 to 0x0000000003729819
Event: 1.548 Thread 0x0000000002fb3800 Implicit null exception at 0x00000000035abbef to 0x00000000035abc59

Events (10 events):
Event: 2.387 loading class org/codehaus/plexus/interpolation/Interpolator
Event: 2.387 loading class org/codehaus/plexus/interpolation/Interpolator done
Event: 2.387 loading class org/codehaus/plexus/interpolation/BasicInterpolator
Event: 2.387 loading class org/codehaus/plexus/interpolation/BasicInterpolator done
Event: 2.387 loading class org/codehaus/plexus/interpolation/BasicInterpolator
Event: 2.387 loading class org/codehaus/plexus/interpolation/BasicInterpolator done
Event: 2.387 loading class org/codehaus/plexus/interpolation/RecursionInterceptor
Event: 2.387 loading class org/codehaus/plexus/interpolation/RecursionInterceptor done
Event: 2.387 loading class org/codehaus/plexus/interpolation/RecursionInterceptor
Event: 2.387 loading class org/codehaus/plexus/interpolation/RecursionInterceptor done


Dynamic libraries:
0x00007ff6d5090000 - 0x00007ff6d50c7000 	C:\Program Files\Java\jdk1.8.0_202\bin\java.exe
0x00007ff9bbab0000 - 0x00007ff9bbcc7000 	C:\WINDOWS\SYSTEM32\ntdll.dll
0x00007ff9bb1a0000 - 0x00007ff9bb264000 	C:\WINDOWS\System32\KERNEL32.DLL
0x00007ff9b8fe0000 - 0x00007ff9b938d000 	C:\WINDOWS\System32\KERNELBASE.dll
0x00007ff9ba100000 - 0x00007ff9ba1b2000 	C:\WINDOWS\System32\ADVAPI32.dll
0x00007ff9ba2a0000 - 0x00007ff9ba347000 	C:\WINDOWS\System32\msvcrt.dll
0x00007ff9bb700000 - 0x00007ff9bb7a9000 	C:\WINDOWS\System32\sechost.dll
0x00007ff9b8f40000 - 0x00007ff9b8f68000 	C:\WINDOWS\System32\bcrypt.dll
0x00007ff9bb320000 - 0x00007ff9bb434000 	C:\WINDOWS\System32\RPCRT4.dll
0x00007ff9ba9b0000 - 0x00007ff9bab5e000 	C:\WINDOWS\System32\USER32.dll
0x00007ff9b9390000 - 0x00007ff9b93b6000 	C:\WINDOWS\System32\win32u.dll
0x00007ff9bb2f0000 - 0x00007ff9bb319000 	C:\WINDOWS\System32\GDI32.dll
0x00007ff9b9640000 - 0x00007ff9b9759000 	C:\WINDOWS\System32\gdi32full.dll
0x00007ff9b95a0000 - 0x00007ff9b963a000 	C:\WINDOWS\System32\msvcp_win.dll
0x00007ff9b9480000 - 0x00007ff9b9591000 	C:\WINDOWS\System32\ucrtbase.dll
0x00007ff9a8300000 - 0x00007ff9a8593000 	C:\WINDOWS\WinSxS\amd64_microsoft.windows.common-controls_6595b64144ccf1df_6.0.22621.3672_none_2713b9d173822955\COMCTL32.dll
0x00007ff9bad70000 - 0x00007ff9bada1000 	C:\WINDOWS\System32\IMM32.DLL
0x0000000071500000 - 0x00000000715d2000 	C:\Program Files\Java\jdk1.8.0_202\jre\bin\msvcr100.dll
0x00000000702e0000 - 0x0000000070b85000 	C:\Program Files\Java\jdk1.8.0_202\jre\bin\server\jvm.dll
0x00007ff9babe0000 - 0x00007ff9babe8000 	C:\WINDOWS\System32\PSAPI.DLL
0x00007ff992460000 - 0x00007ff992469000 	C:\WINDOWS\SYSTEM32\WSOCK32.dll
0x00007ff9b1b50000 - 0x00007ff9b1b84000 	C:\WINDOWS\SYSTEM32\WINMM.dll
0x00007ff9ba1c0000 - 0x00007ff9ba231000 	C:\WINDOWS\System32\WS2_32.dll
0x00007ff9b1b40000 - 0x00007ff9b1b4a000 	C:\WINDOWS\SYSTEM32\VERSION.dll
0x00007ff9b2360000 - 0x00007ff9b236f000 	C:\Program Files\Java\jdk1.8.0_202\jre\bin\verify.dll
0x00007ff9afc20000 - 0x00007ff9afc49000 	C:\Program Files\Java\jdk1.8.0_202\jre\bin\java.dll
0x00007ff9a5db0000 - 0x00007ff9a5dd3000 	C:\Program Files\Java\jdk1.8.0_202\jre\bin\instrument.dll
0x00007ff9b12e0000 - 0x00007ff9b12f6000 	C:\Program Files\Java\jdk1.8.0_202\jre\bin\zip.dll
0x00007ff9b9890000 - 0x00007ff9ba0f7000 	C:\WINDOWS\System32\SHELL32.dll
0x00007ff9b6d50000 - 0x00007ff9b764f000 	C:\WINDOWS\SYSTEM32\windows.storage.dll
0x00007ff9bae10000 - 0x00007ff9bb19e000 	C:\WINDOWS\System32\combase.dll
0x00007ff9b6c10000 - 0x00007ff9b6d4f000 	C:\WINDOWS\SYSTEM32\wintypes.dll
0x00007ff9bb440000 - 0x00007ff9bb539000 	C:\WINDOWS\System32\SHCORE.dll
0x00007ff9ba240000 - 0x00007ff9ba29e000 	C:\WINDOWS\System32\shlwapi.dll
0x00007ff9b8d00000 - 0x00007ff9b8d27000 	C:\WINDOWS\SYSTEM32\profapi.dll
0x00007ff9b0710000 - 0x00007ff9b072a000 	C:\Users\Balla Aron\AppData\Local\Programs\IntelliJ IDEA Ultimate\bin\breakgen64.dll
0x00007ff9afb50000 - 0x00007ff9afb6a000 	C:\Program Files\Java\jdk1.8.0_202\jre\bin\net.dll
0x00007ff9a8d00000 - 0x00007ff9a8ef0000 	C:\WINDOWS\SYSTEM32\urlmon.dll
0x00007ff9a8640000 - 0x00007ff9a88fe000 	C:\WINDOWS\SYSTEM32\iertutil.dll
0x00007ff9b7910000 - 0x00007ff9b791c000 	C:\WINDOWS\SYSTEM32\netutils.dll
0x00007ff9a85c0000 - 0x00007ff9a85e8000 	C:\WINDOWS\SYSTEM32\srvcli.dll
0x00007ff9b8380000 - 0x00007ff9b83e9000 	C:\WINDOWS\system32\mswsock.dll
0x00007ff9a2b30000 - 0x00007ff9a2b42000 	C:\Program Files\Java\jdk1.8.0_202\jre\bin\nio.dll
0x0000000069ac0000 - 0x0000000069ae4000 	C:\Users\Balla Aron\AppData\Local\Temp\jansi-2.4.0-e2368762ae976530-jansi.dll
0x00007ff9b1f70000 - 0x00007ff9b1f7d000 	C:\Program Files\Java\jdk1.8.0_202\jre\bin\management.dll
0x00007ff99eed0000 - 0x00007ff99eee7000 	C:\WINDOWS\system32\napinsp.dll
0x00007ff99eeb0000 - 0x00007ff99eecb000 	C:\WINDOWS\system32\pnrpnsp.dll
0x00007ff9b7990000 - 0x00007ff9b7a88000 	C:\WINDOWS\SYSTEM32\DNSAPI.dll
0x00007ff9b7920000 - 0x00007ff9b794d000 	C:\WINDOWS\SYSTEM32\IPHLPAPI.DLL
0x00007ff9bb7b0000 - 0x00007ff9bb7b9000 	C:\WINDOWS\System32\NSI.dll
0x00007ff99ea70000 - 0x00007ff99ea81000 	C:\WINDOWS\System32\winrnr.dll
0x00007ff99b6f0000 - 0x00007ff99b705000 	C:\WINDOWS\system32\wshbth.dll
0x00007ff99b6c0000 - 0x00007ff99b6e7000 	C:\WINDOWS\system32\nlansp_c.dll
0x00007ff9b2cf0000 - 0x00007ff9b2cfa000 	C:\Windows\System32\rasadhlp.dll
0x00007ff9b2880000 - 0x00007ff9b2903000 	C:\WINDOWS\System32\fwpuclnt.dll

VM Arguments:
jvm_args: -Dmaven.multiModuleProjectDirectory=C:\Users\Balla Aron\Medusa -Djansi.passthrough=true -Dmaven.home=C:\Users\Balla Aron\AppData\Local\Programs\IntelliJ IDEA Ultimate\plugins\maven\lib\maven3 -Dclassworlds.conf=C:\Users\Balla Aron\AppData\Local\Programs\IntelliJ IDEA Ultimate\plugins\maven\lib\maven3\bin\m2.conf -Dmaven.ext.class.path=C:\Users\Balla Aron\AppData\Local\Programs\IntelliJ IDEA Ultimate\plugins\maven\lib\maven-event-listener.jar -javaagent:C:\Users\Balla Aron\AppData\Local\Programs\IntelliJ IDEA Ultimate\lib\idea_rt.jar=58469:C:\Users\Balla Aron\AppData\Local\Programs\IntelliJ IDEA Ultimate\bin -Dfile.encoding=UTF-8 
java_command: org.codehaus.classworlds.Launcher -Didea.version=2024.1.3 install
java_class_path (initial): C:\Users\Balla Aron\AppData\Local\Programs\IntelliJ IDEA Ultimate\plugins\maven\lib\maven3\boot\plexus-classworlds-2.7.0.jar;C:\Users\Balla Aron\AppData\Local\Programs\IntelliJ IDEA Ultimate\plugins\maven\lib\maven3\boot\plexus-classworlds.license;C:\Users\Balla Aron\AppData\Local\Programs\IntelliJ IDEA Ultimate\lib\idea_rt.jar
Launcher Type: SUN_STANDARD

Environment Variables:
PATH=C:\Program Files\Common Files\Oracle\Java\javapath;C:\Program Files (x86)\Common Files\Oracle\Java\java8path;C:\Program Files (x86)\Common Files\Oracle\Java\javapath;C:\ProgramData\Oracle\Java\javapath;C:\Windows\system32;C:\Windows;C:\Windows\System32\Wbem;C:\Windows\System32\WindowsPowerShell\v1.0\;C:\Windows\System32\OpenSSH\;C:\Program Files (x86)\NVIDIA Corporation\PhysX\Common;C:\Program Files\NVIDIA Corporation\NVIDIA NvDLISR;C:\Program Files (x86)\dotnet\;C:\Program Files\Cloudflare\Cloudflare WARP\;C:\Program Files\dotnet\;C:\Program Files\Tailscale\;C:\Program Files\nodejs\;C:\WINDOWS\system32;C:\WINDOWS;C:\WINDOWS\System32\Wbem;C:\WINDOWS\System32\WindowsPowerShell\v1.0\;C:\WINDOWS\System32\OpenSSH\;C:\Program Files\Git\cmd;C:\Users\Balla Aron\AppData\Local\Microsoft\WindowsApps;C:\Users\Balla Aron\AppData\Local\Programs\Microsoft VS Code Insiders\bin;C:\Users\Balla Aron\AppData\Roaming\npm;C:\Users\Balla Aron\AppData\Local\spicetify;C:\Users\Balla Aron\AppData\Local\JetBrains\Toolbox\scripts
USERNAME=Limhax_
OS=Windows_NT
PROCESSOR_IDENTIFIER=Intel64 Family 6 Model 154 Stepping 3, GenuineIntel



---------------  S Y S T E M  ---------------

OS: Windows 10.0 , 64 bit Build 22621 (10.0.22621.3958)

CPU:total 20 (initial active 20) (10 cores per cpu, 2 threads per core) family 6 model 154 stepping 3, cmov, cx8, fxsr, mmx, sse, sse2, sse3, ssse3, sse4.1, sse4.2, popcnt, avx, avx2, aes, clmul, erms, 3dnowpref, lzcnt, ht, tsc, tscinvbit, bmi1, bmi2, adx

Memory: 4k page, physical 16388716k(1198840k free), swap 40964716k(5184k free)

vm_info: Java HotSpot(TM) 64-Bit Server VM (25.202-b08) for windows-amd64 JRE (1.8.0_202-b08), built on Dec 15 2018 19:54:30 by "java_re" with MS VC++ 10.0 (VS2010)

time: Wed Sep 18 18:07:08 2024
timezone: Közép-európai nyári idõ 
elapsed time: 2 seconds (0d 0h 0m 2s)

