#
# There is insufficient memory for the Java Runtime Environment to continue.
# Native memory allocation (malloc) failed to allocate 1570416 bytes for Chunk::new
# Possible reasons:
#   The system is out of physical RAM or swap space
#   The process is running with CompressedOops enabled, and the Java Heap may be blocking the growth of the native heap
# Possible solutions:
#   Reduce memory load on the system
#   Increase physical memory or swap space
#   Check if swap backing store is full
#   Decrease Java heap size (-Xmx/-Xms)
#   Decrease number of Java threads
#   Decrease Java thread stack sizes (-Xss)
#   Set larger code cache with -XX:ReservedCodeCacheSize=
#   JVM is running with Zero Based Compressed Oops mode in which the Java heap is
#     placed in the first 32GB address space. The Java Heap base address is the
#     maximum limit for the native heap growth. Please use -XX:HeapBaseMinAddress
#     to set the Java Heap base and to place the Java Heap above 32GB virtual address.
# This output file may be truncated or incomplete.
#
#  Out of Memory Error (allocation.cpp:389), pid=6544, tid=0x0000000000000f2c
#
# JRE version: Java(TM) SE Runtime Environment (8.0_202-b08) (build 1.8.0_202-b08)
# Java VM: Java HotSpot(TM) 64-Bit Server VM (25.202-b08 mixed mode windows-amd64 compressed oops)
# Failed to write core dump. Minidumps are not enabled by default on client versions of Windows
#

---------------  T H R E A D  ---------------

Current thread (0x000000001f590800):  JavaThread "C2 CompilerThread3" daemon [_thread_in_native, id=3884, stack(0x0000000021980000,0x0000000021a80000)]

Stack: [0x0000000021980000,0x0000000021a80000]
[error occurred during error reporting (printing stack bounds), id 0xc0000005]

Native frames: (J=compiled Java code, j=interpreted, Vv=VM code, C=native code)


Current CompileTask:
C2:   3731 5995       4       lombok.javac.JavacAST::buildTree (10 bytes)


---------------  P R O C E S S  ---------------

Java Threads: ( => current thread )
  0x000000001f691000 JavaThread "Service Thread" daemon [_thread_blocked, id=43600, stack(0x0000000022380000,0x0000000022480000)]
  0x000000001f5b6800 JavaThread "C1 CompilerThread11" daemon [_thread_blocked, id=25960, stack(0x0000000022180000,0x0000000022280000)]
  0x000000001f5ad800 JavaThread "C1 CompilerThread10" daemon [_thread_blocked, id=35452, stack(0x0000000022080000,0x0000000022180000)]
  0x000000001f5a9000 JavaThread "C1 CompilerThread9" daemon [_thread_blocked, id=11688, stack(0x0000000021f80000,0x0000000022080000)]
  0x000000001f5a0000 JavaThread "C1 CompilerThread8" daemon [_thread_blocked, id=15172, stack(0x0000000021e80000,0x0000000021f80000)]
  0x000000001f59e800 JavaThread "C2 CompilerThread7" daemon [_thread_in_native, id=7768, stack(0x0000000021d80000,0x0000000021e80000)]
  0x000000001f59d800 JavaThread "C2 CompilerThread6" daemon [_thread_in_native, id=21052, stack(0x0000000021c80000,0x0000000021d80000)]
  0x000000001f59c000 JavaThread "C2 CompilerThread5" daemon [_thread_in_native, id=27972, stack(0x0000000021b80000,0x0000000021c80000)]
  0x000000001f599000 JavaThread "C2 CompilerThread4" daemon [_thread_in_native, id=21448, stack(0x0000000021a80000,0x0000000021b80000)]
=>0x000000001f590800 JavaThread "C2 CompilerThread3" daemon [_thread_in_native, id=3884, stack(0x0000000021980000,0x0000000021a80000)]
  0x000000001f58f800 JavaThread "C2 CompilerThread2" daemon [_thread_in_native, id=22588, stack(0x0000000021880000,0x0000000021980000)]
  0x000000001f58e000 JavaThread "C2 CompilerThread1" daemon [_thread_in_native, id=736, stack(0x0000000021780000,0x0000000021880000)]
  0x000000001f58d000 JavaThread "C2 CompilerThread0" daemon [_thread_in_native, id=1648, stack(0x0000000021680000,0x0000000021780000)]
  0x000000001f536000 JavaThread "Monitor Ctrl-Break" daemon [_thread_in_native, id=13748, stack(0x0000000021580000,0x0000000021680000)]
  0x000000001f518000 JavaThread "Attach Listener" daemon [_thread_blocked, id=10644, stack(0x0000000021480000,0x0000000021580000)]
  0x000000001f517000 JavaThread "Signal Dispatcher" daemon [_thread_blocked, id=41408, stack(0x0000000021380000,0x0000000021480000)]
  0x000000001d83a000 JavaThread "Finalizer" daemon [_thread_blocked, id=3624, stack(0x0000000021160000,0x0000000021260000)]
  0x000000001f4f8000 JavaThread "Reference Handler" daemon [_thread_blocked, id=35372, stack(0x0000000021060000,0x0000000021160000)]
  0x0000000003873800 JavaThread "main" [_thread_in_native, id=39796, stack(0x00000000035a0000,0x00000000036a0000)]

Other Threads:
  0x000000001f4d5800 VMThread [stack: 0x0000000020f60000,0x0000000021060000] [id=42144]
  0x000000001f693000 WatcherThread [stack: 0x0000000022480000,0x0000000022580000] [id=27188]

VM state:not at safepoint (normal execution)

VM Mutex/Monitor currently owned by a thread: None

heap address: 0x00000006c5e00000, size: 4002 MB, Compressed Oops mode: Zero based, Oop shift amount: 3
Narrow klass base: 0x0000000000000000, Narrow klass shift: 3
Compressed class space size: 1073741824 Address: 0x00000007c0000000

Heap:
 PSYoungGen      total 134144K, used 27857K [0x000000076ca00000, 0x0000000776880000, 0x00000007c0000000)
  eden space 123392K, 13% used [0x000000076ca00000,0x000000076dab8ed8,0x0000000774280000)
  from space 10752K, 99% used [0x0000000774280000,0x0000000774cfb780,0x0000000774d00000)
  to   space 11264K, 0% used [0x0000000775d80000,0x0000000775d80000,0x0000000776880000)
 ParOldGen       total 108544K, used 55472K [0x00000006c5e00000, 0x00000006cc800000, 0x000000076ca00000)
  object space 108544K, 51% used [0x00000006c5e00000,0x00000006c942c1d0,0x00000006cc800000)
 Metaspace       used 31936K, capacity 33184K, committed 33280K, reserved 1079296K
  class space    used 3783K, capacity 4067K, committed 4096K, reserved 1048576K

Card table byte_map: [0x0000000012d30000,0x0000000013510000] byte_map_base: 0x000000000f701000

Marking Bits: (ParMarkBitMap*) 0x0000000070b05ce0
 Begin Bits: [0x0000000014950000, 0x00000000187d8000)
 End Bits:   [0x00000000187d8000, 0x000000001c660000)

Polling page: 0x00000000019c0000

CodeCache: size=245760Kb used=23233Kb max_used=23233Kb free=222526Kb
 bounds [0x0000000003970000, 0x0000000005040000, 0x0000000012970000]
 total_blobs=6380 nmethods=5902 adapters=387
 compilation: enabled

Compilation events (10 events):
Event: 3.722 Thread 0x000000001f5a0000 nmethod 6265 0x0000000005023650 code [0x0000000005023900, 0x0000000005024f58]
Event: 3.722 Thread 0x000000001f5b6800 nmethod 6267 0x00000000050258d0 code [0x0000000005025a80, 0x0000000005025fb8]
Event: 3.722 Thread 0x000000001f5a0000 6268       3       com.sun.tools.javac.model.JavacElements::getName (14 bytes)
Event: 3.723 Thread 0x000000001f5ad800 6269       3       lombok.javac.handlers.JavacHandlerUtil::typeMatches (132 bytes)
Event: 3.723 Thread 0x000000001f5a0000 nmethod 6268 0x00000000050262d0 code [0x0000000005026480, 0x0000000005026b08]
Event: 3.723 Thread 0x000000001f5a9000 nmethod 6262 0x0000000005026e50 code [0x00000000050274c0, 0x000000000502c308]
Event: 3.723 Thread 0x000000001f58d000 6270       4       lombok.core.configuration.FileSystemSourceCache$2$1::findNext (101 bytes)
Event: 3.724 Thread 0x000000001f5ad800 nmethod 6269 0x000000000502e5d0 code [0x000000000502e880, 0x000000000502fff8]
Event: 3.726 Thread 0x000000001f58d000 nmethod 6270 0x0000000005033a50 code [0x0000000005033bc0, 0x0000000005033e18]
Event: 3.726 Thread 0x000000001f58d000 6273       4       sun.reflect.ClassFileAssembler::emitConstantPoolUTF8 (50 bytes)

GC Heap History (10 events):
Event: 1.436 GC heap before
{Heap before GC invocations=4 (full 1):
 PSYoungGen      total 75264K, used 9421K [0x000000076ca00000, 0x0000000775d00000, 0x00000007c0000000)
  eden space 64512K, 0% used [0x000000076ca00000,0x000000076ca00000,0x0000000770900000)
  from space 10752K, 87% used [0x0000000770900000,0x00000007712337d8,0x0000000771380000)
  to   space 10752K, 0% used [0x0000000775280000,0x0000000775280000,0x0000000775d00000)
 ParOldGen       total 172032K, used 48K [0x00000006c5e00000, 0x00000006d0600000, 0x000000076ca00000)
  object space 172032K, 0% used [0x00000006c5e00000,0x00000006c5e0c000,0x00000006d0600000)
 Metaspace       used 20495K, capacity 21106K, committed 21248K, reserved 1067008K
  class space    used 2552K, capacity 2724K, committed 2816K, reserved 1048576K
Event: 1.455 GC heap after
Heap after GC invocations=4 (full 1):
 PSYoungGen      total 75264K, used 0K [0x000000076ca00000, 0x0000000775d00000, 0x00000007c0000000)
  eden space 64512K, 0% used [0x000000076ca00000,0x000000076ca00000,0x0000000770900000)
  from space 10752K, 0% used [0x0000000770900000,0x0000000770900000,0x0000000771380000)
  to   space 10752K, 0% used [0x0000000775280000,0x0000000775280000,0x0000000775d00000)
 ParOldGen       total 108544K, used 9078K [0x00000006c5e00000, 0x00000006cc800000, 0x000000076ca00000)
  object space 108544K, 8% used [0x00000006c5e00000,0x00000006c66dd988,0x00000006cc800000)
 Metaspace       used 20495K, capacity 21106K, committed 21248K, reserved 1067008K
  class space    used 2552K, capacity 2724K, committed 2816K, reserved 1048576K
}
Event: 1.916 GC heap before
{Heap before GC invocations=5 (full 1):
 PSYoungGen      total 75264K, used 64512K [0x000000076ca00000, 0x0000000775d00000, 0x00000007c0000000)
  eden space 64512K, 100% used [0x000000076ca00000,0x0000000770900000,0x0000000770900000)
  from space 10752K, 0% used [0x0000000770900000,0x0000000770900000,0x0000000771380000)
  to   space 10752K, 0% used [0x0000000775280000,0x0000000775280000,0x0000000775d00000)
 ParOldGen       total 108544K, used 9078K [0x00000006c5e00000, 0x00000006cc800000, 0x000000076ca00000)
  object space 108544K, 8% used [0x00000006c5e00000,0x00000006c66dd988,0x00000006cc800000)
 Metaspace       used 21928K, capacity 22758K, committed 22912K, reserved 1069056K
  class space    used 2632K, capacity 2840K, committed 2944K, reserved 1048576K
Event: 1.919 GC heap after
Heap after GC invocations=5 (full 1):
 PSYoungGen      total 97280K, used 4833K [0x000000076ca00000, 0x0000000775780000, 0x00000007c0000000)
  eden space 92160K, 0% used [0x000000076ca00000,0x000000076ca00000,0x0000000772400000)
  from space 5120K, 94% used [0x0000000775280000,0x0000000775738470,0x0000000775780000)
  to   space 10752K, 0% used [0x0000000774280000,0x0000000774280000,0x0000000774d00000)
 ParOldGen       total 108544K, used 9086K [0x00000006c5e00000, 0x00000006cc800000, 0x000000076ca00000)
  object space 108544K, 8% used [0x00000006c5e00000,0x00000006c66df988,0x00000006cc800000)
 Metaspace       used 21928K, capacity 22758K, committed 22912K, reserved 1069056K
  class space    used 2632K, capacity 2840K, committed 2944K, reserved 1048576K
}
Event: 2.295 GC heap before
{Heap before GC invocations=6 (full 1):
 PSYoungGen      total 97280K, used 95565K [0x000000076ca00000, 0x0000000775780000, 0x00000007c0000000)
  eden space 92160K, 98% used [0x000000076ca00000,0x000000077229b1d8,0x0000000772400000)
  from space 5120K, 94% used [0x0000000775280000,0x0000000775738470,0x0000000775780000)
  to   space 10752K, 0% used [0x0000000774280000,0x0000000774280000,0x0000000774d00000)
 ParOldGen       total 108544K, used 9086K [0x00000006c5e00000, 0x00000006cc800000, 0x000000076ca00000)
  object space 108544K, 8% used [0x00000006c5e00000,0x00000006c66df988,0x00000006cc800000)
 Metaspace       used 25190K, capacity 26222K, committed 26368K, reserved 1073152K
  class space    used 3002K, capacity 3232K, committed 3328K, reserved 1048576K
Event: 2.305 GC heap after
Heap after GC invocations=6 (full 1):
 PSYoungGen      total 134144K, used 8122K [0x000000076ca00000, 0x0000000776880000, 0x00000007c0000000)
  eden space 123392K, 0% used [0x000000076ca00000,0x000000076ca00000,0x0000000774280000)
  from space 10752K, 75% used [0x0000000774280000,0x0000000774a6eb40,0x0000000774d00000)
  to   space 11264K, 0% used [0x0000000775d80000,0x0000000775d80000,0x0000000776880000)
 ParOldGen       total 108544K, used 39814K [0x00000006c5e00000, 0x00000006cc800000, 0x000000076ca00000)
  object space 108544K, 36% used [0x00000006c5e00000,0x00000006c84e19b8,0x00000006cc800000)
 Metaspace       used 25190K, capacity 26222K, committed 26368K, reserved 1073152K
  class space    used 3002K, capacity 3232K, committed 3328K, reserved 1048576K
}
Event: 2.937 GC heap before
{Heap before GC invocations=7 (full 1):
 PSYoungGen      total 134144K, used 131514K [0x000000076ca00000, 0x0000000776880000, 0x00000007c0000000)
  eden space 123392K, 100% used [0x000000076ca00000,0x0000000774280000,0x0000000774280000)
  from space 10752K, 75% used [0x0000000774280000,0x0000000774a6eb40,0x0000000774d00000)
  to   space 11264K, 0% used [0x0000000775d80000,0x0000000775d80000,0x0000000776880000)
 ParOldGen       total 108544K, used 39814K [0x00000006c5e00000, 0x00000006cc800000, 0x000000076ca00000)
  object space 108544K, 36% used [0x00000006c5e00000,0x00000006c84e19b8,0x00000006cc800000)
 Metaspace       used 29929K, capacity 31010K, committed 31360K, reserved 1077248K
  class space    used 3560K, capacity 3848K, committed 3968K, reserved 1048576K
Event: 2.945 GC heap after
Heap after GC invocations=7 (full 1):
 PSYoungGen      total 134656K, used 11248K [0x000000076ca00000, 0x0000000776880000, 0x00000007c0000000)
  eden space 123392K, 0% used [0x000000076ca00000,0x000000076ca00000,0x0000000774280000)
  from space 11264K, 99% used [0x0000000775d80000,0x000000077687c270,0x0000000776880000)
  to   space 10752K, 0% used [0x0000000774280000,0x0000000774280000,0x0000000774d00000)
 ParOldGen       total 108544K, used 50899K [0x00000006c5e00000, 0x00000006cc800000, 0x000000076ca00000)
  object space 108544K, 46% used [0x00000006c5e00000,0x00000006c8fb4f20,0x00000006cc800000)
 Metaspace       used 29929K, capacity 31010K, committed 31360K, reserved 1077248K
  class space    used 3560K, capacity 3848K, committed 3968K, reserved 1048576K
}
Event: 3.652 GC heap before
{Heap before GC invocations=8 (full 1):
 PSYoungGen      total 134656K, used 134640K [0x000000076ca00000, 0x0000000776880000, 0x00000007c0000000)
  eden space 123392K, 100% used [0x000000076ca00000,0x0000000774280000,0x0000000774280000)
  from space 11264K, 99% used [0x0000000775d80000,0x000000077687c270,0x0000000776880000)
  to   space 10752K, 0% used [0x0000000774280000,0x0000000774280000,0x0000000774d00000)
 ParOldGen       total 108544K, used 50899K [0x00000006c5e00000, 0x00000006cc800000, 0x000000076ca00000)
  object space 108544K, 46% used [0x00000006c5e00000,0x00000006c8fb4f20,0x00000006cc800000)
 Metaspace       used 31741K, capacity 32984K, committed 33280K, reserved 1079296K
  class space    used 3757K, capacity 4055K, committed 4096K, reserved 1048576K
Event: 3.658 GC heap after
Heap after GC invocations=8 (full 1):
 PSYoungGen      total 134144K, used 10733K [0x000000076ca00000, 0x0000000776880000, 0x00000007c0000000)
  eden space 123392K, 0% used [0x000000076ca00000,0x000000076ca00000,0x0000000774280000)
  from space 10752K, 99% used [0x0000000774280000,0x0000000774cfb780,0x0000000774d00000)
  to   space 11264K, 0% used [0x0000000775d80000,0x0000000775d80000,0x0000000776880000)
 ParOldGen       total 108544K, used 55472K [0x00000006c5e00000, 0x00000006cc800000, 0x000000076ca00000)
  object space 108544K, 51% used [0x00000006c5e00000,0x00000006c942c1d0,0x00000006cc800000)
 Metaspace       used 31741K, capacity 32984K, committed 33280K, reserved 1079296K
  class space    used 3757K, capacity 4055K, committed 4096K, reserved 1048576K
}

Deoptimization events (10 events):
Event: 3.414 Thread 0x0000000003873800 Uncommon trap: reason=class_check action=maybe_recompile pc=0x00000000044289c0 method=java.util.zip.InflaterInputStream.read([BII)I @ 100
Event: 3.487 Thread 0x0000000003873800 Uncommon trap: reason=unstable_if action=reinterpret pc=0x0000000004edae30 method=java.io.WinNTFileSystem.resolve(Ljava/lang/String;Ljava/lang/String;)Ljava/lang/String; @ 117
Event: 3.540 Thread 0x0000000003873800 Uncommon trap: reason=bimorphic action=maybe_recompile pc=0x0000000004f16dd0 method=java.lang.reflect.Field.get(Ljava/lang/Object;)Ljava/lang/Object; @ 45
Event: 3.542 Thread 0x0000000003873800 Uncommon trap: reason=bimorphic action=maybe_recompile pc=0x0000000004f16dd0 method=java.lang.reflect.Field.get(Ljava/lang/Object;)Ljava/lang/Object; @ 45
Event: 3.542 Thread 0x0000000003873800 Uncommon trap: reason=bimorphic action=maybe_recompile pc=0x0000000004f16dd0 method=java.lang.reflect.Field.get(Ljava/lang/Object;)Ljava/lang/Object; @ 45
Event: 3.543 Thread 0x0000000003873800 Uncommon trap: reason=bimorphic action=maybe_recompile pc=0x0000000004f16dd0 method=java.lang.reflect.Field.get(Ljava/lang/Object;)Ljava/lang/Object; @ 45
Event: 3.573 Thread 0x0000000003873800 Uncommon trap: reason=class_check action=maybe_recompile pc=0x0000000004f77dc8 method=lombok.javac.JavacNode.traverse(Llombok/javac/JavacASTVisitor;)V @ 193
Event: 3.573 Thread 0x0000000003873800 Uncommon trap: reason=class_check action=maybe_recompile pc=0x0000000004f77df8 method=lombok.javac.JavacNode.traverse(Llombok/javac/JavacASTVisitor;)V @ 369
Event: 3.573 Thread 0x0000000003873800 Uncommon trap: reason=class_check action=maybe_recompile pc=0x0000000004f77df8 method=lombok.javac.JavacNode.traverse(Llombok/javac/JavacASTVisitor;)V @ 369
Event: 3.573 Thread 0x0000000003873800 Uncommon trap: reason=class_check action=maybe_recompile pc=0x0000000004f77df8 method=lombok.javac.JavacNode.traverse(Llombok/javac/JavacASTVisitor;)V @ 369

Classes redefined (0 events):
No events

Internal exceptions (10 events):
Event: 3.723 Thread 0x0000000003873800 NullPointerException at vtable entry 0x0000000003c2eef7
Event: 3.723 Thread 0x0000000003873800 Exception <a 'java/lang/NullPointerException'> (0x000000076d75e930) thrown at [C:\re\workspace\8-2-build-windows-amd64-cygwin\jdk8u202\12323\hotspot\src\share\vm\runtime\sharedRuntime.cpp, line 605]
Event: 3.724 Thread 0x0000000003873800 NullPointerException at vtable entry 0x0000000003c2eef7
Event: 3.724 Thread 0x0000000003873800 Exception <a 'java/lang/NullPointerException'> (0x000000076d789b68) thrown at [C:\re\workspace\8-2-build-windows-amd64-cygwin\jdk8u202\12323\hotspot\src\share\vm\runtime\sharedRuntime.cpp, line 605]
Event: 3.724 Thread 0x0000000003873800 NullPointerException at vtable entry 0x0000000003c2eef7
Event: 3.724 Thread 0x0000000003873800 Exception <a 'java/lang/NullPointerException'> (0x000000076d7b75d0) thrown at [C:\re\workspace\8-2-build-windows-amd64-cygwin\jdk8u202\12323\hotspot\src\share\vm\runtime\sharedRuntime.cpp, line 605]
Event: 3.727 Thread 0x0000000003873800 NullPointerException at vtable entry 0x0000000003c2eef7
Event: 3.727 Thread 0x0000000003873800 Exception <a 'java/lang/NullPointerException'> (0x000000076d83a1d8) thrown at [C:\re\workspace\8-2-build-windows-amd64-cygwin\jdk8u202\12323\hotspot\src\share\vm\runtime\sharedRuntime.cpp, line 605]
Event: 3.727 Thread 0x0000000003873800 NullPointerException at vtable entry 0x0000000003c2eef7
Event: 3.727 Thread 0x0000000003873800 Exception <a 'java/lang/NullPointerException'> (0x000000076d869fe8) thrown at [C:\re\workspace\8-2-build-windows-amd64-cygwin\jdk8u202\12323\hotspot\src\share\vm\runtime\sharedRuntime.cpp, line 605]

Events (10 events):
Event: 3.639 Thread 0x0000000003873800 DEOPT PACKING pc=0x0000000004f47082 sp=0x000000000369cf40
Event: 3.639 Thread 0x0000000003873800 DEOPT UNPACKING pc=0x00000000039b7890 sp=0x000000000369cc90 mode 0
Event: 3.643 loading class java/util/IdentityHashMap$1
Event: 3.643 loading class java/util/IdentityHashMap$1 done
Event: 3.652 Executing VM operation: ParallelGCFailedAllocation
Event: 3.658 Executing VM operation: ParallelGCFailedAllocation done
Event: 3.672 loading class java/util/regex/Pattern$Loop
Event: 3.672 loading class java/util/regex/Pattern$Loop done
Event: 3.672 loading class java/util/regex/Pattern$Prolog
Event: 3.672 loading class java/util/regex/Pattern$Prolog done


Dynamic libraries:
0x00007ff676a30000 - 0x00007ff676a67000 	C:\Program Files\Java\jdk1.8.0_202\bin\java.exe
0x00007ff9bbab0000 - 0x00007ff9bbcc7000 	C:\WINDOWS\SYSTEM32\ntdll.dll
0x00007ff9bb1a0000 - 0x00007ff9bb264000 	C:\WINDOWS\System32\KERNEL32.DLL
0x00007ff9b8fe0000 - 0x00007ff9b938d000 	C:\WINDOWS\System32\KERNELBASE.dll
0x00007ff9ba100000 - 0x00007ff9ba1b2000 	C:\WINDOWS\System32\ADVAPI32.dll
0x00007ff9ba2a0000 - 0x00007ff9ba347000 	C:\WINDOWS\System32\msvcrt.dll
0x00007ff9bb700000 - 0x00007ff9bb7a9000 	C:\WINDOWS\System32\sechost.dll
0x00007ff9b8f40000 - 0x00007ff9b8f68000 	C:\WINDOWS\System32\bcrypt.dll
0x00007ff9bb320000 - 0x00007ff9bb434000 	C:\WINDOWS\System32\RPCRT4.dll
0x00007ff9ba9b0000 - 0x00007ff9bab5e000 	C:\WINDOWS\System32\USER32.dll
0x00007ff9b9390000 - 0x00007ff9b93b6000 	C:\WINDOWS\System32\win32u.dll
0x00007ff9bb2f0000 - 0x00007ff9bb319000 	C:\WINDOWS\System32\GDI32.dll
0x00007ff9b9640000 - 0x00007ff9b9759000 	C:\WINDOWS\System32\gdi32full.dll
0x00007ff9b95a0000 - 0x00007ff9b963a000 	C:\WINDOWS\System32\msvcp_win.dll
0x00007ff9b9480000 - 0x00007ff9b9591000 	C:\WINDOWS\System32\ucrtbase.dll
0x00007ff9a8300000 - 0x00007ff9a8593000 	C:\WINDOWS\WinSxS\amd64_microsoft.windows.common-controls_6595b64144ccf1df_6.0.22621.3672_none_2713b9d173822955\COMCTL32.dll
0x00007ff9bad70000 - 0x00007ff9bada1000 	C:\WINDOWS\System32\IMM32.DLL
0x0000000071500000 - 0x00000000715d2000 	C:\Program Files\Java\jdk1.8.0_202\jre\bin\msvcr100.dll
0x00000000702e0000 - 0x0000000070b85000 	C:\Program Files\Java\jdk1.8.0_202\jre\bin\server\jvm.dll
0x00007ff9babe0000 - 0x00007ff9babe8000 	C:\WINDOWS\System32\PSAPI.DLL
0x00007ff9b1b50000 - 0x00007ff9b1b84000 	C:\WINDOWS\SYSTEM32\WINMM.dll
0x00007ff9b1b40000 - 0x00007ff9b1b4a000 	C:\WINDOWS\SYSTEM32\VERSION.dll
0x00007ff992460000 - 0x00007ff992469000 	C:\WINDOWS\SYSTEM32\WSOCK32.dll
0x00007ff9ba1c0000 - 0x00007ff9ba231000 	C:\WINDOWS\System32\WS2_32.dll
0x00007ff9b2360000 - 0x00007ff9b236f000 	C:\Program Files\Java\jdk1.8.0_202\jre\bin\verify.dll
0x00007ff9afc20000 - 0x00007ff9afc49000 	C:\Program Files\Java\jdk1.8.0_202\jre\bin\java.dll
0x00007ff9a5d10000 - 0x00007ff9a5d33000 	C:\Program Files\Java\jdk1.8.0_202\jre\bin\instrument.dll
0x00007ff9b12e0000 - 0x00007ff9b12f6000 	C:\Program Files\Java\jdk1.8.0_202\jre\bin\zip.dll
0x00007ff9b9890000 - 0x00007ff9ba0f7000 	C:\WINDOWS\System32\SHELL32.dll
0x00007ff9b6d50000 - 0x00007ff9b764f000 	C:\WINDOWS\SYSTEM32\windows.storage.dll
0x00007ff9bae10000 - 0x00007ff9bb19e000 	C:\WINDOWS\System32\combase.dll
0x00007ff9b6c10000 - 0x00007ff9b6d4f000 	C:\WINDOWS\SYSTEM32\wintypes.dll
0x00007ff9bb440000 - 0x00007ff9bb539000 	C:\WINDOWS\System32\SHCORE.dll
0x00007ff9ba240000 - 0x00007ff9ba29e000 	C:\WINDOWS\System32\shlwapi.dll
0x00007ff9b8d00000 - 0x00007ff9b8d27000 	C:\WINDOWS\SYSTEM32\profapi.dll
0x00007ff9afb50000 - 0x00007ff9afb6a000 	C:\Users\Balla Aron\AppData\Local\Programs\IntelliJ IDEA Ultimate\bin\breakgen64.dll
0x00007ff9a2b30000 - 0x00007ff9a2b4a000 	C:\Program Files\Java\jdk1.8.0_202\jre\bin\net.dll
0x00007ff9a8d00000 - 0x00007ff9a8ef0000 	C:\WINDOWS\SYSTEM32\urlmon.dll
0x00007ff9a8640000 - 0x00007ff9a88fe000 	C:\WINDOWS\SYSTEM32\iertutil.dll
0x00007ff9a85c0000 - 0x00007ff9a85e8000 	C:\WINDOWS\SYSTEM32\srvcli.dll
0x00007ff9b7910000 - 0x00007ff9b791c000 	C:\WINDOWS\SYSTEM32\netutils.dll
0x00007ff9b8380000 - 0x00007ff9b83e9000 	C:\WINDOWS\system32\mswsock.dll
0x00007ff99a150000 - 0x00007ff99a162000 	C:\Program Files\Java\jdk1.8.0_202\jre\bin\nio.dll
0x0000000069ac0000 - 0x0000000069ae4000 	C:\Users\Balla Aron\AppData\Local\Temp\jansi-2.4.0-8e694204aed6781e-jansi.dll
0x00007ff9b1f70000 - 0x00007ff9b1f7d000 	C:\Program Files\Java\jdk1.8.0_202\jre\bin\management.dll
0x00007ff99eed0000 - 0x00007ff99eee7000 	C:\WINDOWS\system32\napinsp.dll
0x00007ff99eeb0000 - 0x00007ff99eecb000 	C:\WINDOWS\system32\pnrpnsp.dll
0x00007ff9b7990000 - 0x00007ff9b7a88000 	C:\WINDOWS\SYSTEM32\DNSAPI.dll
0x00007ff9b7920000 - 0x00007ff9b794d000 	C:\WINDOWS\SYSTEM32\IPHLPAPI.DLL
0x00007ff9bb7b0000 - 0x00007ff9bb7b9000 	C:\WINDOWS\System32\NSI.dll
0x00007ff99ea70000 - 0x00007ff99ea81000 	C:\WINDOWS\System32\winrnr.dll
0x00007ff99b6f0000 - 0x00007ff99b705000 	C:\WINDOWS\system32\wshbth.dll
0x00007ff99b6c0000 - 0x00007ff99b6e7000 	C:\WINDOWS\system32\nlansp_c.dll
0x00007ff9b2cf0000 - 0x00007ff9b2cfa000 	C:\Windows\System32\rasadhlp.dll
0x00007ff9b2880000 - 0x00007ff9b2903000 	C:\WINDOWS\System32\fwpuclnt.dll

VM Arguments:
jvm_args: -Dmaven.multiModuleProjectDirectory=C:\Users\Balla Aron\Medusa -Djansi.passthrough=true -Dmaven.home=C:\Users\Balla Aron\AppData\Local\Programs\IntelliJ IDEA Ultimate\plugins\maven\lib\maven3 -Dclassworlds.conf=C:\Users\Balla Aron\AppData\Local\Programs\IntelliJ IDEA Ultimate\plugins\maven\lib\maven3\bin\m2.conf -Dmaven.ext.class.path=C:\Users\Balla Aron\AppData\Local\Programs\IntelliJ IDEA Ultimate\plugins\maven\lib\maven-event-listener.jar -javaagent:C:\Users\Balla Aron\AppData\Local\Programs\IntelliJ IDEA Ultimate\lib\idea_rt.jar=58911:C:\Users\Balla Aron\AppData\Local\Programs\IntelliJ IDEA Ultimate\bin -Dfile.encoding=UTF-8 
java_command: org.codehaus.classworlds.Launcher -Didea.version=2024.1.3 install
java_class_path (initial): C:\Users\Balla Aron\AppData\Local\Programs\IntelliJ IDEA Ultimate\plugins\maven\lib\maven3\boot\plexus-classworlds-2.7.0.jar;C:\Users\Balla Aron\AppData\Local\Programs\IntelliJ IDEA Ultimate\plugins\maven\lib\maven3\boot\plexus-classworlds.license;C:\Users\Balla Aron\AppData\Local\Programs\IntelliJ IDEA Ultimate\lib\idea_rt.jar
Launcher Type: SUN_STANDARD

Environment Variables:
PATH=C:\Program Files\Common Files\Oracle\Java\javapath;C:\Program Files (x86)\Common Files\Oracle\Java\java8path;C:\Program Files (x86)\Common Files\Oracle\Java\javapath;C:\ProgramData\Oracle\Java\javapath;C:\Windows\system32;C:\Windows;C:\Windows\System32\Wbem;C:\Windows\System32\WindowsPowerShell\v1.0\;C:\Windows\System32\OpenSSH\;C:\Program Files (x86)\NVIDIA Corporation\PhysX\Common;C:\Program Files\NVIDIA Corporation\NVIDIA NvDLISR;C:\Program Files (x86)\dotnet\;C:\Program Files\Cloudflare\Cloudflare WARP\;C:\Program Files\dotnet\;C:\Program Files\Tailscale\;C:\Program Files\nodejs\;C:\WINDOWS\system32;C:\WINDOWS;C:\WINDOWS\System32\Wbem;C:\WINDOWS\System32\WindowsPowerShell\v1.0\;C:\WINDOWS\System32\OpenSSH\;C:\Program Files\Git\cmd;C:\Users\Balla Aron\AppData\Local\Microsoft\WindowsApps;C:\Users\Balla Aron\AppData\Local\Programs\Microsoft VS Code Insiders\bin;C:\Users\Balla Aron\AppData\Roaming\npm;C:\Users\Balla Aron\AppData\Local\spicetify;C:\Users\Balla Aron\AppData\Local\JetBrains\Toolbox\scripts
USERNAME=Limhax_
OS=Windows_NT
PROCESSOR_IDENTIFIER=Intel64 Family 6 Model 154 Stepping 3, GenuineIntel



---------------  S Y S T E M  ---------------

OS: Windows 10.0 , 64 bit Build 22621 (10.0.22621.3958)

CPU:total 20 (initial active 20) (10 cores per cpu, 2 threads per core) family 6 model 154 stepping 3, cmov, cx8, fxsr, mmx, sse, sse2, sse3, ssse3, sse4.1, sse4.2, popcnt, avx, avx2, aes, clmul, erms, 3dnowpref, lzcnt, ht, tsc, tscinvbit, bmi1, bmi2, adx

Memory: 4k page, physical 16388716k(487140k free), swap 40964716k(5180k free)

vm_info: Java HotSpot(TM) 64-Bit Server VM (25.202-b08) for windows-amd64 JRE (1.8.0_202-b08), built on Dec 15 2018 19:54:30 by "java_re" with MS VC++ 10.0 (VS2010)

time: Wed Sep 18 18:24:41 2024
timezone: Közép-európai nyári idõ 
elapsed time: 3 seconds (0d 0h 0m 3s)

