#
# There is insufficient memory for the Java Runtime Environment to continue.
# Native memory allocation (malloc) failed to allocate 863376 bytes for Chunk::new
# Possible reasons:
#   The system is out of physical RAM or swap space
#   The process is running with CompressedOops enabled, and the Java Heap may be blocking the growth of the native heap
# Possible solutions:
#   Reduce memory load on the system
#   Increase physical memory or swap space
#   Check if swap backing store is full
#   Decrease Java heap size (-Xmx/-Xms)
#   Decrease number of Java threads
#   Decrease Java thread stack sizes (-Xss)
#   Set larger code cache with -XX:ReservedCodeCacheSize=
#   JVM is running with Zero Based Compressed Oops mode in which the Java heap is
#     placed in the first 32GB address space. The Java Heap base address is the
#     maximum limit for the native heap growth. Please use -XX:HeapBaseMinAddress
#     to set the Java Heap base and to place the Java Heap above 32GB virtual address.
# This output file may be truncated or incomplete.
#
#  Out of Memory Error (allocation.cpp:389), pid=40224, tid=0x0000000000009b44
#
# JRE version: Java(TM) SE Runtime Environment (8.0_202-b08) (build 1.8.0_202-b08)
# Java VM: Java HotSpot(TM) 64-Bit Server VM (25.202-b08 mixed mode windows-amd64 compressed oops)
# Failed to write core dump. Minidumps are not enabled by default on client versions of Windows
#

---------------  T H R E A D  ---------------

Current thread (0x000000001efa6000):  JavaThread "C2 CompilerThread5" daemon [_thread_in_native, id=39748, stack(0x0000000021580000,0x0000000021680000)]

Stack: [0x0000000021580000,0x0000000021680000]
[error occurred during error reporting (printing stack bounds), id 0xc0000005]

Native frames: (J=compiled Java code, j=interpreted, Vv=VM code, C=native code)


Current CompileTask:
C2:   1840 4580   !   4       java.net.URLClassLoader$1::run (63 bytes)


---------------  P R O C E S S  ---------------

Java Threads: ( => current thread )
  0x000000001f006000 JavaThread "Service Thread" daemon [_thread_blocked, id=22620, stack(0x0000000021d80000,0x0000000021e80000)]
  0x000000001efdf000 JavaThread "C1 CompilerThread11" daemon [_thread_blocked, id=35368, stack(0x0000000021b80000,0x0000000021c80000)]
  0x000000001efda800 JavaThread "C1 CompilerThread10" daemon [_thread_blocked, id=30484, stack(0x0000000021a80000,0x0000000021b80000)]
  0x000000001efd3000 JavaThread "C1 CompilerThread9" daemon [_thread_blocked, id=19724, stack(0x0000000021980000,0x0000000021a80000)]
  0x000000001efd2800 JavaThread "C1 CompilerThread8" daemon [_thread_blocked, id=30124, stack(0x0000000021880000,0x0000000021980000)]
  0x000000001efd0800 JavaThread "C2 CompilerThread7" daemon [_thread_blocked, id=20868, stack(0x0000000021780000,0x0000000021880000)]
  0x000000001efb0000 JavaThread "C2 CompilerThread6" daemon [_thread_in_native, id=19120, stack(0x0000000021680000,0x0000000021780000)]
=>0x000000001efa6000 JavaThread "C2 CompilerThread5" daemon [_thread_in_native, id=39748, stack(0x0000000021580000,0x0000000021680000)]
  0x000000001efa3800 JavaThread "C2 CompilerThread4" daemon [_thread_in_native, id=39312, stack(0x0000000021480000,0x0000000021580000)]
  0x000000001ef82800 JavaThread "C2 CompilerThread3" daemon [_thread_in_native, id=38836, stack(0x0000000021380000,0x0000000021480000)]
  0x000000001ef76000 JavaThread "C2 CompilerThread2" daemon [_thread_in_native, id=25408, stack(0x0000000021280000,0x0000000021380000)]
  0x000000001ef70000 JavaThread "C2 CompilerThread1" daemon [_thread_in_native, id=39528, stack(0x0000000021180000,0x0000000021280000)]
  0x000000001ef6f000 JavaThread "C2 CompilerThread0" daemon [_thread_in_native, id=11436, stack(0x0000000021080000,0x0000000021180000)]
  0x000000001ef69800 JavaThread "Monitor Ctrl-Break" daemon [_thread_in_native, id=11660, stack(0x0000000020f80000,0x0000000021080000)]
  0x000000001eef9800 JavaThread "Attach Listener" daemon [_thread_blocked, id=3340, stack(0x0000000020e80000,0x0000000020f80000)]
  0x000000001eef8800 JavaThread "Signal Dispatcher" daemon [_thread_blocked, id=28016, stack(0x0000000020d80000,0x0000000020e80000)]
  0x000000001d20e800 JavaThread "Finalizer" daemon [_thread_blocked, id=5948, stack(0x0000000020b60000,0x0000000020c60000)]
  0x000000001eed8000 JavaThread "Reference Handler" daemon [_thread_blocked, id=40684, stack(0x0000000020a60000,0x0000000020b60000)]
  0x0000000003243800 JavaThread "main" [_thread_in_Java, id=23824, stack(0x0000000002ea0000,0x0000000002fa0000)]

Other Threads:
  0x000000001eeb5000 VMThread [stack: 0x0000000020960000,0x0000000020a60000] [id=21832]
  0x000000001f008800 WatcherThread [stack: 0x0000000021e80000,0x0000000021f80000] [id=43716]

VM state:not at safepoint (normal execution)

VM Mutex/Monitor currently owned by a thread: None

heap address: 0x00000006c5e00000, size: 4002 MB, Compressed Oops mode: Zero based, Oop shift amount: 3
Narrow klass base: 0x0000000000000000, Narrow klass shift: 3
Compressed class space size: 1073741824 Address: 0x00000007c0000000

Heap:
 PSYoungGen      total 94720K, used 49813K [0x000000076ca00000, 0x0000000775780000, 0x00000007c0000000)
  eden space 89600K, 50% used [0x000000076ca00000,0x000000076f612458,0x0000000772180000)
  from space 5120K, 91% used [0x0000000775280000,0x0000000775713328,0x0000000775780000)
  to   space 10752K, 0% used [0x0000000774280000,0x0000000774280000,0x0000000774d00000)
 ParOldGen       total 111104K, used 9031K [0x00000006c5e00000, 0x00000006cca80000, 0x000000076ca00000)
  object space 111104K, 8% used [0x00000006c5e00000,0x00000006c66d1fe8,0x00000006cca80000)
 Metaspace       used 24096K, capacity 25038K, committed 25216K, reserved 1071104K
  class space    used 2897K, capacity 3118K, committed 3200K, reserved 1048576K

Card table byte_map: [0x0000000012700000,0x0000000012ee0000] byte_map_base: 0x000000000f0d1000

Marking Bits: (ParMarkBitMap*) 0x0000000070b05ce0
 Begin Bits: [0x0000000014320000, 0x00000000181a8000)
 End Bits:   [0x00000000181a8000, 0x000000001c030000)

Polling page: 0x0000000001460000

CodeCache: size=245760Kb used=17875Kb max_used=17875Kb free=227884Kb
 bounds [0x0000000003340000, 0x00000000044c0000, 0x0000000012340000]
 total_blobs=5078 nmethods=4650 adapters=337
 compilation: enabled

Compilation events (10 events):
Event: 1.836 Thread 0x000000001efdf000 nmethod 4664 0x00000000044b0090 code [0x00000000044b0280, 0x00000000044b0d28]
Event: 1.836 Thread 0x000000001efdf000 4669       3       com.google.inject.internal.aop.ClassBuilding$$Lambda$44/843710487::get$Lambda (9 bytes)
Event: 1.836 Thread 0x000000001efd3000 nmethod 4667 0x00000000044b1150 code [0x00000000044b12c0, 0x00000000044b1488]
Event: 1.836 Thread 0x000000001efd3000 4670       3       java.util.TreeMap::keySet (5 bytes)
Event: 1.836 Thread 0x000000001efdf000 nmethod 4669 0x00000000044b1550 code [0x00000000044b16c0, 0x00000000044b1910]
Event: 1.837 Thread 0x000000001efd2800 nmethod 4668 0x00000000044b1a10 code [0x00000000044b1bc0, 0x00000000044b20f8]
Event: 1.837 Thread 0x000000001efd3000 nmethod 4670 0x00000000044b2390 code [0x00000000044b2520, 0x00000000044b2950]
Event: 1.838 Thread 0x000000001efd0800 4671       4       com.google.inject.internal.asm.$ByteVector::putInt (74 bytes)
Event: 1.838 Thread 0x000000001efda800 nmethod 4654 0x00000000044b2b50 code [0x00000000044b3280, 0x00000000044b82e8]
Event: 1.838 Thread 0x000000001efa3800 4672       4       java.lang.AbstractStringBuilder::insert (50 bytes)

GC Heap History (10 events):
Event: 0.471 GC heap before
{Heap before GC invocations=1 (full 0):
 PSYoungGen      total 75264K, used 64512K [0x000000076ca00000, 0x0000000771e00000, 0x00000007c0000000)
  eden space 64512K, 100% used [0x000000076ca00000,0x0000000770900000,0x0000000770900000)
  from space 10752K, 0% used [0x0000000771380000,0x0000000771380000,0x0000000771e00000)
  to   space 10752K, 0% used [0x0000000770900000,0x0000000770900000,0x0000000771380000)
 ParOldGen       total 172032K, used 0K [0x00000006c5e00000, 0x00000006d0600000, 0x000000076ca00000)
  object space 172032K, 0% used [0x00000006c5e00000,0x00000006c5e00000,0x00000006d0600000)
 Metaspace       used 11577K, capacity 11906K, committed 12032K, reserved 1060864K
  class space    used 1416K, capacity 1533K, committed 1536K, reserved 1048576K
Event: 0.475 GC heap after
Heap after GC invocations=1 (full 0):
 PSYoungGen      total 75264K, used 8015K [0x000000076ca00000, 0x0000000771e00000, 0x00000007c0000000)
  eden space 64512K, 0% used [0x000000076ca00000,0x000000076ca00000,0x0000000770900000)
  from space 10752K, 74% used [0x0000000770900000,0x00000007710d3dc8,0x0000000771380000)
  to   space 10752K, 0% used [0x0000000771380000,0x0000000771380000,0x0000000771e00000)
 ParOldGen       total 172032K, used 16K [0x00000006c5e00000, 0x00000006d0600000, 0x000000076ca00000)
  object space 172032K, 0% used [0x00000006c5e00000,0x00000006c5e04000,0x00000006d0600000)
 Metaspace       used 11577K, capacity 11906K, committed 12032K, reserved 1060864K
  class space    used 1416K, capacity 1533K, committed 1536K, reserved 1048576K
}
Event: 0.883 GC heap before
{Heap before GC invocations=2 (full 0):
 PSYoungGen      total 75264K, used 72527K [0x000000076ca00000, 0x0000000771e00000, 0x00000007c0000000)
  eden space 64512K, 100% used [0x000000076ca00000,0x0000000770900000,0x0000000770900000)
  from space 10752K, 74% used [0x0000000770900000,0x00000007710d3dc8,0x0000000771380000)
  to   space 10752K, 0% used [0x0000000771380000,0x0000000771380000,0x0000000771e00000)
 ParOldGen       total 172032K, used 16K [0x00000006c5e00000, 0x00000006d0600000, 0x000000076ca00000)
  object space 172032K, 0% used [0x00000006c5e00000,0x00000006c5e04000,0x00000006d0600000)
 Metaspace       used 17679K, capacity 18074K, committed 18304K, reserved 1064960K
  class space    used 2221K, capacity 2373K, committed 2432K, reserved 1048576K
Event: 0.889 GC heap after
Heap after GC invocations=2 (full 0):
 PSYoungGen      total 75264K, used 10508K [0x000000076ca00000, 0x0000000775d00000, 0x00000007c0000000)
  eden space 64512K, 0% used [0x000000076ca00000,0x000000076ca00000,0x0000000770900000)
  from space 10752K, 97% used [0x0000000771380000,0x0000000771dc3008,0x0000000771e00000)
  to   space 10752K, 0% used [0x0000000770900000,0x0000000770900000,0x0000000771380000)
 ParOldGen       total 172032K, used 32K [0x00000006c5e00000, 0x00000006d0600000, 0x000000076ca00000)
  object space 172032K, 0% used [0x00000006c5e00000,0x00000006c5e08000,0x00000006d0600000)
 Metaspace       used 17679K, capacity 18074K, committed 18304K, reserved 1064960K
  class space    used 2221K, capacity 2373K, committed 2432K, reserved 1048576K
}
Event: 1.185 GC heap before
{Heap before GC invocations=3 (full 0):
 PSYoungGen      total 75264K, used 45523K [0x000000076ca00000, 0x0000000775d00000, 0x00000007c0000000)
  eden space 64512K, 54% used [0x000000076ca00000,0x000000076ec31df0,0x0000000770900000)
  from space 10752K, 97% used [0x0000000771380000,0x0000000771dc3008,0x0000000771e00000)
  to   space 10752K, 0% used [0x0000000770900000,0x0000000770900000,0x0000000771380000)
 ParOldGen       total 172032K, used 32K [0x00000006c5e00000, 0x00000006d0600000, 0x000000076ca00000)
  object space 172032K, 0% used [0x00000006c5e00000,0x00000006c5e08000,0x00000006d0600000)
 Metaspace       used 20493K, capacity 21106K, committed 21248K, reserved 1067008K
  class space    used 2552K, capacity 2724K, committed 2816K, reserved 1048576K
Event: 1.191 GC heap after
Heap after GC invocations=3 (full 0):
 PSYoungGen      total 75264K, used 9463K [0x000000076ca00000, 0x0000000775d00000, 0x00000007c0000000)
  eden space 64512K, 0% used [0x000000076ca00000,0x000000076ca00000,0x0000000770900000)
  from space 10752K, 88% used [0x0000000770900000,0x000000077123dd40,0x0000000771380000)
  to   space 10752K, 0% used [0x0000000775280000,0x0000000775280000,0x0000000775d00000)
 ParOldGen       total 172032K, used 40K [0x00000006c5e00000, 0x00000006d0600000, 0x000000076ca00000)
  object space 172032K, 0% used [0x00000006c5e00000,0x00000006c5e0a000,0x00000006d0600000)
 Metaspace       used 20493K, capacity 21106K, committed 21248K, reserved 1067008K
  class space    used 2552K, capacity 2724K, committed 2816K, reserved 1048576K
}
Event: 1.191 GC heap before
{Heap before GC invocations=4 (full 1):
 PSYoungGen      total 75264K, used 9463K [0x000000076ca00000, 0x0000000775d00000, 0x00000007c0000000)
  eden space 64512K, 0% used [0x000000076ca00000,0x000000076ca00000,0x0000000770900000)
  from space 10752K, 88% used [0x0000000770900000,0x000000077123dd40,0x0000000771380000)
  to   space 10752K, 0% used [0x0000000775280000,0x0000000775280000,0x0000000775d00000)
 ParOldGen       total 172032K, used 40K [0x00000006c5e00000, 0x00000006d0600000, 0x000000076ca00000)
  object space 172032K, 0% used [0x00000006c5e00000,0x00000006c5e0a000,0x00000006d0600000)
 Metaspace       used 20493K, capacity 21106K, committed 21248K, reserved 1067008K
  class space    used 2552K, capacity 2724K, committed 2816K, reserved 1048576K
Event: 1.212 GC heap after
Heap after GC invocations=4 (full 1):
 PSYoungGen      total 75264K, used 0K [0x000000076ca00000, 0x0000000775d00000, 0x00000007c0000000)
  eden space 64512K, 0% used [0x000000076ca00000,0x000000076ca00000,0x0000000770900000)
  from space 10752K, 0% used [0x0000000770900000,0x0000000770900000,0x0000000771380000)
  to   space 10752K, 0% used [0x0000000775280000,0x0000000775280000,0x0000000775d00000)
 ParOldGen       total 111104K, used 9023K [0x00000006c5e00000, 0x00000006cca80000, 0x000000076ca00000)
  object space 111104K, 8% used [0x00000006c5e00000,0x00000006c66cffe8,0x00000006cca80000)
 Metaspace       used 20493K, capacity 21106K, committed 21248K, reserved 1067008K
  class space    used 2552K, capacity 2724K, committed 2816K, reserved 1048576K
}
Event: 1.583 GC heap before
{Heap before GC invocations=5 (full 1):
 PSYoungGen      total 75264K, used 64512K [0x000000076ca00000, 0x0000000775d00000, 0x00000007c0000000)
  eden space 64512K, 100% used [0x000000076ca00000,0x0000000770900000,0x0000000770900000)
  from space 10752K, 0% used [0x0000000770900000,0x0000000770900000,0x0000000771380000)
  to   space 10752K, 0% used [0x0000000775280000,0x0000000775280000,0x0000000775d00000)
 ParOldGen       total 111104K, used 9023K [0x00000006c5e00000, 0x00000006cca80000, 0x000000076ca00000)
  object space 111104K, 8% used [0x00000006c5e00000,0x00000006c66cffe8,0x00000006cca80000)
 Metaspace       used 21917K, capacity 22758K, committed 22912K, reserved 1069056K
  class space    used 2631K, capacity 2840K, committed 2944K, reserved 1048576K
Event: 1.586 GC heap after
Heap after GC invocations=5 (full 1):
 PSYoungGen      total 94720K, used 4684K [0x000000076ca00000, 0x0000000775780000, 0x00000007c0000000)
  eden space 89600K, 0% used [0x000000076ca00000,0x000000076ca00000,0x0000000772180000)
  from space 5120K, 91% used [0x0000000775280000,0x0000000775713328,0x0000000775780000)
  to   space 10752K, 0% used [0x0000000774280000,0x0000000774280000,0x0000000774d00000)
 ParOldGen       total 111104K, used 9031K [0x00000006c5e00000, 0x00000006cca80000, 0x000000076ca00000)
  object space 111104K, 8% used [0x00000006c5e00000,0x00000006c66d1fe8,0x00000006cca80000)
 Metaspace       used 21917K, capacity 22758K, committed 22912K, reserved 1069056K
  class space    used 2631K, capacity 2840K, committed 2944K, reserved 1048576K
}

Deoptimization events (10 events):
Event: 1.624 Thread 0x0000000003243800 Uncommon trap: reason=class_check action=maybe_recompile pc=0x0000000004259d2c method=org.codehaus.plexus.interpolation.MapBasedValueSource.getValue(Ljava/lang/String;)Ljava/lang/Object; @ 16
Event: 1.624 Thread 0x0000000003243800 Uncommon trap: reason=class_check action=maybe_recompile pc=0x0000000004259d2c method=org.codehaus.plexus.interpolation.MapBasedValueSource.getValue(Ljava/lang/String;)Ljava/lang/Object; @ 16
Event: 1.624 Thread 0x0000000003243800 Uncommon trap: reason=class_check action=maybe_recompile pc=0x0000000004259d2c method=org.codehaus.plexus.interpolation.MapBasedValueSource.getValue(Ljava/lang/String;)Ljava/lang/Object; @ 16
Event: 1.624 Thread 0x0000000003243800 Uncommon trap: reason=class_check action=maybe_recompile pc=0x0000000004259d2c method=org.codehaus.plexus.interpolation.MapBasedValueSource.getValue(Ljava/lang/String;)Ljava/lang/Object; @ 16
Event: 1.705 Thread 0x0000000003243800 Uncommon trap: reason=unstable_if action=reinterpret pc=0x0000000003bfce3c method=com.google.inject.internal.MoreTypes.canonicalize(Ljava/lang/reflect/Type;)Ljava/lang/reflect/Type; @ 16
Event: 1.705 Thread 0x0000000003243800 Uncommon trap: reason=class_check action=maybe_recompile pc=0x0000000003bdb7b4 method=com.google.inject.internal.MoreTypes.getRawType(Ljava/lang/reflect/Type;)Ljava/lang/Class; @ 13
Event: 1.705 Thread 0x0000000003243800 Uncommon trap: reason=unstable_if action=reinterpret pc=0x0000000003bf5f58 method=com.google.inject.internal.MoreTypes.canonicalize(Ljava/lang/reflect/Type;)Ljava/lang/reflect/Type; @ 16
Event: 1.705 Thread 0x0000000003243800 Uncommon trap: reason=class_check action=maybe_recompile pc=0x0000000003bdb7b4 method=com.google.inject.internal.MoreTypes.getRawType(Ljava/lang/reflect/Type;)Ljava/lang/Class; @ 13
Event: 1.705 Thread 0x0000000003243800 Uncommon trap: reason=class_check action=maybe_recompile pc=0x0000000003bdb7b4 method=com.google.inject.internal.MoreTypes.getRawType(Ljava/lang/reflect/Type;)Ljava/lang/Class; @ 13
Event: 1.705 Thread 0x0000000003243800 Uncommon trap: reason=class_check action=maybe_recompile pc=0x0000000003bdb7b4 method=com.google.inject.internal.MoreTypes.getRawType(Ljava/lang/reflect/Type;)Ljava/lang/Class; @ 13

Classes redefined (0 events):
No events

Internal exceptions (10 events):
Event: 0.717 Thread 0x0000000003243800 Implicit null exception at 0x000000000383ea8c to 0x000000000383ec39
Event: 0.824 Thread 0x0000000003243800 Exception <a 'java/lang/NoClassDefFoundError': com/google/inject/servlet/ServletModuleTargetVisitor> (0x00000007702987e0) thrown at [C:\re\workspace\8-2-build-windows-amd64-cygwin\jdk8u202\12323\hotspot\src\share\vm\classfile\systemDictionary.cpp, line 19
Event: 0.824 Thread 0x0000000003243800 Exception <a 'java/lang/NoClassDefFoundError'> (0x00000007702987e0) thrown at [C:\re\workspace\8-2-build-windows-amd64-cygwin\jdk8u202\12323\hotspot\src\share\vm\prims\jvm.cpp, line 1506]
Event: 0.960 Thread 0x0000000003243800 Implicit null exception at 0x00000000037f8496 to 0x00000000037f8841
Event: 0.960 Thread 0x0000000003243800 Implicit null exception at 0x000000000376a616 to 0x000000000376a9b9
Event: 1.071 Thread 0x0000000003243800 Implicit null exception at 0x0000000003dbec82 to 0x0000000003dbffb5
Event: 1.120 Thread 0x0000000003243800 Exception <a 'sun/nio/fs/WindowsException'> (0x000000076e464310) thrown at [C:\re\workspace\8-2-build-windows-amd64-cygwin\jdk8u202\12323\hotspot\src\share\vm\prims\jni.cpp, line 710]
Event: 1.123 Thread 0x0000000003243800 Exception <a 'sun/nio/fs/WindowsException'> (0x000000076e48e640) thrown at [C:\re\workspace\8-2-build-windows-amd64-cygwin\jdk8u202\12323\hotspot\src\share\vm\prims\jni.cpp, line 710]
Event: 1.233 Thread 0x0000000003243800 Implicit null exception at 0x00000000039b2cd5 to 0x00000000039b2ed9
Event: 1.233 Thread 0x0000000003243800 Implicit null exception at 0x0000000003984baf to 0x0000000003984c19

Events (10 events):
Event: 1.816 loading class org/codehaus/plexus/archiver/tar/TarArchiver$TarOptions
Event: 1.816 loading class org/codehaus/plexus/archiver/tar/TarArchiver$TarOptions done
Event: 1.816 loading class org/codehaus/plexus/archiver/tar/TarArchiver$TarOptions
Event: 1.816 loading class org/codehaus/plexus/archiver/tar/TarArchiver$TarOptions done
Event: 1.816 loading class org/codehaus/plexus/archiver/xz/XZCompressor
Event: 1.816 loading class org/codehaus/plexus/archiver/xz/XZCompressor done
Event: 1.816 loading class org/codehaus/plexus/archiver/xz/XZCompressor
Event: 1.816 loading class org/codehaus/plexus/archiver/xz/XZCompressor done
Event: 1.817 loading class org/eclipse/sisu/wire/BeanProviders$2
Event: 1.817 loading class org/eclipse/sisu/wire/BeanProviders$2 done


Dynamic libraries:
0x00007ff676a30000 - 0x00007ff676a67000 	C:\Program Files\Java\jdk1.8.0_202\bin\java.exe
0x00007ff9bbab0000 - 0x00007ff9bbcc7000 	C:\WINDOWS\SYSTEM32\ntdll.dll
0x00007ff9bb1a0000 - 0x00007ff9bb264000 	C:\WINDOWS\System32\KERNEL32.DLL
0x00007ff9b8fe0000 - 0x00007ff9b938d000 	C:\WINDOWS\System32\KERNELBASE.dll
0x00007ff9ba100000 - 0x00007ff9ba1b2000 	C:\WINDOWS\System32\ADVAPI32.dll
0x00007ff9ba2a0000 - 0x00007ff9ba347000 	C:\WINDOWS\System32\msvcrt.dll
0x00007ff9bb700000 - 0x00007ff9bb7a9000 	C:\WINDOWS\System32\sechost.dll
0x00007ff9b8f40000 - 0x00007ff9b8f68000 	C:\WINDOWS\System32\bcrypt.dll
0x00007ff9bb320000 - 0x00007ff9bb434000 	C:\WINDOWS\System32\RPCRT4.dll
0x00007ff9ba9b0000 - 0x00007ff9bab5e000 	C:\WINDOWS\System32\USER32.dll
0x00007ff9b9390000 - 0x00007ff9b93b6000 	C:\WINDOWS\System32\win32u.dll
0x00007ff9bb2f0000 - 0x00007ff9bb319000 	C:\WINDOWS\System32\GDI32.dll
0x00007ff9b9640000 - 0x00007ff9b9759000 	C:\WINDOWS\System32\gdi32full.dll
0x00007ff9b95a0000 - 0x00007ff9b963a000 	C:\WINDOWS\System32\msvcp_win.dll
0x00007ff9b9480000 - 0x00007ff9b9591000 	C:\WINDOWS\System32\ucrtbase.dll
0x00007ff9a8300000 - 0x00007ff9a8593000 	C:\WINDOWS\WinSxS\amd64_microsoft.windows.common-controls_6595b64144ccf1df_6.0.22621.3672_none_2713b9d173822955\COMCTL32.dll
0x00007ff9bad70000 - 0x00007ff9bada1000 	C:\WINDOWS\System32\IMM32.DLL
0x0000000071500000 - 0x00000000715d2000 	C:\Program Files\Java\jdk1.8.0_202\jre\bin\msvcr100.dll
0x00000000702e0000 - 0x0000000070b85000 	C:\Program Files\Java\jdk1.8.0_202\jre\bin\server\jvm.dll
0x00007ff9babe0000 - 0x00007ff9babe8000 	C:\WINDOWS\System32\PSAPI.DLL
0x00007ff992460000 - 0x00007ff992469000 	C:\WINDOWS\SYSTEM32\WSOCK32.dll
0x00007ff9ba1c0000 - 0x00007ff9ba231000 	C:\WINDOWS\System32\WS2_32.dll
0x00007ff9b1b50000 - 0x00007ff9b1b84000 	C:\WINDOWS\SYSTEM32\WINMM.dll
0x00007ff9b1b40000 - 0x00007ff9b1b4a000 	C:\WINDOWS\SYSTEM32\VERSION.dll
0x00007ff9b17c0000 - 0x00007ff9b17cf000 	C:\Program Files\Java\jdk1.8.0_202\jre\bin\verify.dll
0x00007ff9a5d10000 - 0x00007ff9a5d39000 	C:\Program Files\Java\jdk1.8.0_202\jre\bin\java.dll
0x00007ff998db0000 - 0x00007ff998dd3000 	C:\Program Files\Java\jdk1.8.0_202\jre\bin\instrument.dll
0x00007ff9b12e0000 - 0x00007ff9b12f6000 	C:\Program Files\Java\jdk1.8.0_202\jre\bin\zip.dll
0x00007ff9b9890000 - 0x00007ff9ba0f7000 	C:\WINDOWS\System32\SHELL32.dll
0x00007ff9b6d50000 - 0x00007ff9b764f000 	C:\WINDOWS\SYSTEM32\windows.storage.dll
0x00007ff9bae10000 - 0x00007ff9bb19e000 	C:\WINDOWS\System32\combase.dll
0x00007ff9b6c10000 - 0x00007ff9b6d4f000 	C:\WINDOWS\SYSTEM32\wintypes.dll
0x00007ff9bb440000 - 0x00007ff9bb539000 	C:\WINDOWS\System32\SHCORE.dll
0x00007ff9ba240000 - 0x00007ff9ba29e000 	C:\WINDOWS\System32\shlwapi.dll
0x00007ff9b8d00000 - 0x00007ff9b8d27000 	C:\WINDOWS\SYSTEM32\profapi.dll
0x00007ff9afb50000 - 0x00007ff9afb6a000 	C:\Users\Balla Aron\AppData\Local\Programs\IntelliJ IDEA Ultimate\bin\breakgen64.dll
0x00007ff9a2b30000 - 0x00007ff9a2b4a000 	C:\Program Files\Java\jdk1.8.0_202\jre\bin\net.dll
0x00007ff9a8d00000 - 0x00007ff9a8ef0000 	C:\WINDOWS\SYSTEM32\urlmon.dll
0x00007ff9a8640000 - 0x00007ff9a88fe000 	C:\WINDOWS\SYSTEM32\iertutil.dll
0x00007ff9b7910000 - 0x00007ff9b791c000 	C:\WINDOWS\SYSTEM32\netutils.dll
0x00007ff9a85c0000 - 0x00007ff9a85e8000 	C:\WINDOWS\SYSTEM32\srvcli.dll
0x00007ff9b8380000 - 0x00007ff9b83e9000 	C:\WINDOWS\system32\mswsock.dll
0x00007ff99a150000 - 0x00007ff99a162000 	C:\Program Files\Java\jdk1.8.0_202\jre\bin\nio.dll
0x0000000069ac0000 - 0x0000000069ae4000 	C:\Users\Balla Aron\AppData\Local\Temp\jansi-2.4.0-f89f48ca9eb6045b-jansi.dll
0x00007ff9afd00000 - 0x00007ff9afd0d000 	C:\Program Files\Java\jdk1.8.0_202\jre\bin\management.dll
0x00007ff99eed0000 - 0x00007ff99eee7000 	C:\WINDOWS\system32\napinsp.dll
0x00007ff99eeb0000 - 0x00007ff99eecb000 	C:\WINDOWS\system32\pnrpnsp.dll
0x00007ff9b7990000 - 0x00007ff9b7a88000 	C:\WINDOWS\SYSTEM32\DNSAPI.dll
0x00007ff9b7920000 - 0x00007ff9b794d000 	C:\WINDOWS\SYSTEM32\IPHLPAPI.DLL
0x00007ff9bb7b0000 - 0x00007ff9bb7b9000 	C:\WINDOWS\System32\NSI.dll
0x00007ff99ea70000 - 0x00007ff99ea81000 	C:\WINDOWS\System32\winrnr.dll
0x00007ff99b6f0000 - 0x00007ff99b705000 	C:\WINDOWS\system32\wshbth.dll
0x00007ff99b6c0000 - 0x00007ff99b6e7000 	C:\WINDOWS\system32\nlansp_c.dll
0x00007ff9b2cf0000 - 0x00007ff9b2cfa000 	C:\Windows\System32\rasadhlp.dll
0x00007ff9b2880000 - 0x00007ff9b2903000 	C:\WINDOWS\System32\fwpuclnt.dll

VM Arguments:
jvm_args: -Dmaven.multiModuleProjectDirectory=C:\Users\Balla Aron\Medusa -Djansi.passthrough=true -Dmaven.home=C:\Users\Balla Aron\AppData\Local\Programs\IntelliJ IDEA Ultimate\plugins\maven\lib\maven3 -Dclassworlds.conf=C:\Users\Balla Aron\AppData\Local\Programs\IntelliJ IDEA Ultimate\plugins\maven\lib\maven3\bin\m2.conf -Dmaven.ext.class.path=C:\Users\Balla Aron\AppData\Local\Programs\IntelliJ IDEA Ultimate\plugins\maven\lib\maven-event-listener.jar -javaagent:C:\Users\Balla Aron\AppData\Local\Programs\IntelliJ IDEA Ultimate\lib\idea_rt.jar=58949:C:\Users\Balla Aron\AppData\Local\Programs\IntelliJ IDEA Ultimate\bin -Dfile.encoding=UTF-8 
java_command: org.codehaus.classworlds.Launcher -Didea.version=2024.1.3 install
java_class_path (initial): C:\Users\Balla Aron\AppData\Local\Programs\IntelliJ IDEA Ultimate\plugins\maven\lib\maven3\boot\plexus-classworlds-2.7.0.jar;C:\Users\Balla Aron\AppData\Local\Programs\IntelliJ IDEA Ultimate\plugins\maven\lib\maven3\boot\plexus-classworlds.license;C:\Users\Balla Aron\AppData\Local\Programs\IntelliJ IDEA Ultimate\lib\idea_rt.jar
Launcher Type: SUN_STANDARD

Environment Variables:
PATH=C:\Program Files\Common Files\Oracle\Java\javapath;C:\Program Files (x86)\Common Files\Oracle\Java\java8path;C:\Program Files (x86)\Common Files\Oracle\Java\javapath;C:\ProgramData\Oracle\Java\javapath;C:\Windows\system32;C:\Windows;C:\Windows\System32\Wbem;C:\Windows\System32\WindowsPowerShell\v1.0\;C:\Windows\System32\OpenSSH\;C:\Program Files (x86)\NVIDIA Corporation\PhysX\Common;C:\Program Files\NVIDIA Corporation\NVIDIA NvDLISR;C:\Program Files (x86)\dotnet\;C:\Program Files\Cloudflare\Cloudflare WARP\;C:\Program Files\dotnet\;C:\Program Files\Tailscale\;C:\Program Files\nodejs\;C:\WINDOWS\system32;C:\WINDOWS;C:\WINDOWS\System32\Wbem;C:\WINDOWS\System32\WindowsPowerShell\v1.0\;C:\WINDOWS\System32\OpenSSH\;C:\Program Files\Git\cmd;C:\Users\Balla Aron\AppData\Local\Microsoft\WindowsApps;C:\Users\Balla Aron\AppData\Local\Programs\Microsoft VS Code Insiders\bin;C:\Users\Balla Aron\AppData\Roaming\npm;C:\Users\Balla Aron\AppData\Local\spicetify;C:\Users\Balla Aron\AppData\Local\JetBrains\Toolbox\scripts
USERNAME=Limhax_
OS=Windows_NT
PROCESSOR_IDENTIFIER=Intel64 Family 6 Model 154 Stepping 3, GenuineIntel



---------------  S Y S T E M  ---------------

OS: Windows 10.0 , 64 bit Build 22621 (10.0.22621.3958)

CPU:total 20 (initial active 20) (10 cores per cpu, 2 threads per core) family 6 model 154 stepping 3, cmov, cx8, fxsr, mmx, sse, sse2, sse3, ssse3, sse4.1, sse4.2, popcnt, avx, avx2, aes, clmul, erms, 3dnowpref, lzcnt, ht, tsc, tscinvbit, bmi1, bmi2, adx

Memory: 4k page, physical 16388716k(635024k free), swap 40964716k(5184k free)

vm_info: Java HotSpot(TM) 64-Bit Server VM (25.202-b08) for windows-amd64 JRE (1.8.0_202-b08), built on Dec 15 2018 19:54:30 by "java_re" with MS VC++ 10.0 (VS2010)

time: Wed Sep 18 18:26:25 2024
timezone: Közép-európai nyári idõ 
elapsed time: 1 seconds (0d 0h 0m 1s)

