#
# There is insufficient memory for the Java Runtime Environment to continue.
# Native memory allocation (malloc) failed to allocate 1409312 bytes for Chunk::new
# Possible reasons:
#   The system is out of physical RAM or swap space
#   The process is running with CompressedOops enabled, and the Java Heap may be blocking the growth of the native heap
# Possible solutions:
#   Reduce memory load on the system
#   Increase physical memory or swap space
#   Check if swap backing store is full
#   Decrease Java heap size (-Xmx/-Xms)
#   Decrease number of Java threads
#   Decrease Java thread stack sizes (-Xss)
#   Set larger code cache with -XX:ReservedCodeCacheSize=
#   JVM is running with Zero Based Compressed Oops mode in which the Java heap is
#     placed in the first 32GB address space. The Java Heap base address is the
#     maximum limit for the native heap growth. Please use -XX:HeapBaseMinAddress
#     to set the Java Heap base and to place the Java Heap above 32GB virtual address.
# This output file may be truncated or incomplete.
#
#  Out of Memory Error (allocation.cpp:389), pid=41596, tid=0x0000000000007b70
#
# JRE version: Java(TM) SE Runtime Environment (8.0_202-b08) (build 1.8.0_202-b08)
# Java VM: Java HotSpot(TM) 64-Bit Server VM (25.202-b08 mixed mode windows-amd64 compressed oops)
# Failed to write core dump. Minidumps are not enabled by default on client versions of Windows
#

---------------  T H R E A D  ---------------

Current thread (0x000000001edaf000):  JavaThread "C2 CompilerThread7" daemon [_thread_in_native, id=31600, stack(0x00000000215b0000,0x00000000216b0000)]

Stack: [0x00000000215b0000,0x00000000216b0000]
[error occurred during error reporting (printing stack bounds), id 0xc0000005]

Native frames: (J=compiled Java code, j=interpreted, Vv=VM code, C=native code)


Current CompileTask:
C2:   3129 5945       4       lombok.javac.JavacAST::buildTree (10 bytes)


---------------  P R O C E S S  ---------------

Java Threads: ( => current thread )
  0x000000001eea1800 JavaThread "Service Thread" daemon [_thread_blocked, id=7460, stack(0x0000000021bb0000,0x0000000021cb0000)]
  0x000000001edd7000 JavaThread "C1 CompilerThread11" daemon [_thread_in_native, id=39484, stack(0x0000000021ab0000,0x0000000021bb0000)]
  0x000000001edc6800 JavaThread "C1 CompilerThread10" daemon [_thread_blocked, id=41956, stack(0x00000000218b0000,0x00000000219b0000)]
  0x000000001edb9800 JavaThread "C1 CompilerThread9" daemon [_thread_blocked, id=18360, stack(0x00000000217b0000,0x00000000218b0000)]
  0x000000001edb9000 JavaThread "C1 CompilerThread8" daemon [_thread_blocked, id=33340, stack(0x00000000216b0000,0x00000000217b0000)]
=>0x000000001edaf000 JavaThread "C2 CompilerThread7" daemon [_thread_in_native, id=31600, stack(0x00000000215b0000,0x00000000216b0000)]
  0x000000001edae800 JavaThread "C2 CompilerThread6" daemon [_thread_in_native, id=2988, stack(0x00000000214b0000,0x00000000215b0000)]
  0x000000001edac800 JavaThread "C2 CompilerThread5" daemon [_thread_in_native, id=11060, stack(0x00000000213b0000,0x00000000214b0000)]
  0x000000001edaa000 JavaThread "C2 CompilerThread4" daemon [_thread_in_native, id=38320, stack(0x00000000212b0000,0x00000000213b0000)]
  0x000000001eda1000 JavaThread "C2 CompilerThread3" daemon [_thread_in_native, id=15508, stack(0x00000000211b0000,0x00000000212b0000)]
  0x000000001eda0000 JavaThread "C2 CompilerThread2" daemon [_thread_blocked, id=19976, stack(0x00000000210b0000,0x00000000211b0000)]
  0x000000001ed9e800 JavaThread "C2 CompilerThread1" daemon [_thread_in_native, id=39716, stack(0x0000000020fb0000,0x00000000210b0000)]
  0x000000001ed9d800 JavaThread "C2 CompilerThread0" daemon [_thread_in_native, id=39984, stack(0x0000000020eb0000,0x0000000020fb0000)]
  0x000000001ed8f800 JavaThread "Monitor Ctrl-Break" daemon [_thread_in_native, id=2492, stack(0x0000000020db0000,0x0000000020eb0000)]
  0x000000001ed28000 JavaThread "Attach Listener" daemon [_thread_blocked, id=28844, stack(0x0000000020cb0000,0x0000000020db0000)]
  0x000000001ed27000 JavaThread "Signal Dispatcher" daemon [_thread_blocked, id=36880, stack(0x0000000020bb0000,0x0000000020cb0000)]
  0x000000001d02a000 JavaThread "Finalizer" daemon [_thread_blocked, id=7724, stack(0x0000000020990000,0x0000000020a90000)]
  0x000000001ed08000 JavaThread "Reference Handler" daemon [_thread_blocked, id=24640, stack(0x0000000020890000,0x0000000020990000)]
  0x0000000003063800 JavaThread "main" [_thread_in_native, id=35720, stack(0x0000000002cd0000,0x0000000002dd0000)]

Other Threads:
  0x000000001ece6000 VMThread [stack: 0x0000000020790000,0x0000000020890000] [id=34140]
  0x000000001eeab800 WatcherThread [stack: 0x0000000021cb0000,0x0000000021db0000] [id=12616]

VM state:not at safepoint (normal execution)

VM Mutex/Monitor currently owned by a thread: None

heap address: 0x00000006c5e00000, size: 4002 MB, Compressed Oops mode: Zero based, Oop shift amount: 3
Narrow klass base: 0x0000000000000000, Narrow klass shift: 3
Compressed class space size: 1073741824 Address: 0x00000007c0000000

Heap:
 PSYoungGen      total 142848K, used 51601K [0x000000076ca00000, 0x000000077a400000, 0x00000007c0000000)
  eden space 125440K, 27% used [0x000000076ca00000,0x000000076eb83998,0x0000000774480000)
  from space 17408K, 99% used [0x0000000774480000,0x0000000775560ce0,0x0000000775580000)
  to   space 19968K, 0% used [0x0000000779080000,0x0000000779080000,0x000000077a400000)
 ParOldGen       total 112640K, used 48561K [0x00000006c5e00000, 0x00000006ccc00000, 0x000000076ca00000)
  object space 112640K, 43% used [0x00000006c5e00000,0x00000006c8d6c5a0,0x00000006ccc00000)
 Metaspace       used 31972K, capacity 33176K, committed 33280K, reserved 1079296K
  class space    used 3788K, capacity 4067K, committed 4096K, reserved 1048576K

Card table byte_map: [0x0000000012520000,0x0000000012d00000] byte_map_base: 0x000000000eef1000

Marking Bits: (ParMarkBitMap*) 0x0000000070b05ce0
 Begin Bits: [0x0000000014140000, 0x0000000017fc8000)
 End Bits:   [0x0000000017fc8000, 0x000000001be50000)

Polling page: 0x00000000011e0000

CodeCache: size=245760Kb used=23391Kb max_used=23391Kb free=222368Kb
 bounds [0x0000000003160000, 0x0000000004850000, 0x0000000012160000]
 total_blobs=6395 nmethods=5917 adapters=387
 compilation: enabled

Compilation events (10 events):
Event: 3.124 Thread 0x000000001eda0000 6248       4       java.util.WeakHashMap::put (162 bytes)
Event: 3.125 Thread 0x000000001edb9800 nmethod 6247 0x0000000004832ad0 code [0x0000000004832c80, 0x0000000004833228]
Event: 3.125 Thread 0x000000001edb9000 6250       3       lombok.javac.handlers.JavacHandlerUtil$MarkingScanner::<init> (15 bytes)
Event: 3.125 Thread 0x000000001edc6800 6249       3       lombok.javac.handlers.JavacHandlerUtil::recursiveSetGeneratedBy (28 bytes)
Event: 3.125 Thread 0x000000001edb9000 nmethod 6250 0x0000000004832550 code [0x00000000048326c0, 0x0000000004832970]
Event: 3.126 Thread 0x000000001edc6800 nmethod 6249 0x0000000004831c90 code [0x0000000004831e20, 0x00000000048322f8]
Event: 3.126 Thread 0x000000001edd7000 6251       3       lombok.core.handlers.HandlerUtil::buildAccessorName (130 bytes)
Event: 3.126 Thread 0x000000001edb9800 6252       3       java.lang.Character::isLowerCase (5 bytes)
Event: 3.126 Thread 0x000000001edb9000 6253       3       java.lang.Character::isLowerCase (25 bytes)
Event: 3.126 Thread 0x000000001edb9000 nmethod 6253 0x0000000004831550 code [0x0000000004831700, 0x0000000004831b18]

GC Heap History (10 events):
Event: 1.176 GC heap before
{Heap before GC invocations=4 (full 1):
 PSYoungGen      total 75264K, used 9334K [0x000000076ca00000, 0x0000000775d00000, 0x00000007c0000000)
  eden space 64512K, 0% used [0x000000076ca00000,0x000000076ca00000,0x0000000770900000)
  from space 10752K, 86% used [0x0000000770900000,0x000000077121db00,0x0000000771380000)
  to   space 10752K, 0% used [0x0000000775280000,0x0000000775280000,0x0000000775d00000)
 ParOldGen       total 172032K, used 48K [0x00000006c5e00000, 0x00000006d0600000, 0x000000076ca00000)
  object space 172032K, 0% used [0x00000006c5e00000,0x00000006c5e0c000,0x00000006d0600000)
 Metaspace       used 20495K, capacity 21106K, committed 21248K, reserved 1067008K
  class space    used 2552K, capacity 2724K, committed 2816K, reserved 1048576K
Event: 1.196 GC heap after
Heap after GC invocations=4 (full 1):
 PSYoungGen      total 75264K, used 0K [0x000000076ca00000, 0x0000000775d00000, 0x00000007c0000000)
  eden space 64512K, 0% used [0x000000076ca00000,0x000000076ca00000,0x0000000770900000)
  from space 10752K, 0% used [0x0000000770900000,0x0000000770900000,0x0000000771380000)
  to   space 10752K, 0% used [0x0000000775280000,0x0000000775280000,0x0000000775d00000)
 ParOldGen       total 112640K, used 8975K [0x00000006c5e00000, 0x00000006ccc00000, 0x000000076ca00000)
  object space 112640K, 7% used [0x00000006c5e00000,0x00000006c66c3e30,0x00000006ccc00000)
 Metaspace       used 20495K, capacity 21106K, committed 21248K, reserved 1067008K
  class space    used 2552K, capacity 2724K, committed 2816K, reserved 1048576K
}
Event: 1.561 GC heap before
{Heap before GC invocations=5 (full 1):
 PSYoungGen      total 75264K, used 64512K [0x000000076ca00000, 0x0000000775d00000, 0x00000007c0000000)
  eden space 64512K, 100% used [0x000000076ca00000,0x0000000770900000,0x0000000770900000)
  from space 10752K, 0% used [0x0000000770900000,0x0000000770900000,0x0000000771380000)
  to   space 10752K, 0% used [0x0000000775280000,0x0000000775280000,0x0000000775d00000)
 ParOldGen       total 112640K, used 8975K [0x00000006c5e00000, 0x00000006ccc00000, 0x000000076ca00000)
  object space 112640K, 7% used [0x00000006c5e00000,0x00000006c66c3e30,0x00000006ccc00000)
 Metaspace       used 21918K, capacity 22758K, committed 22912K, reserved 1069056K
  class space    used 2631K, capacity 2840K, committed 2944K, reserved 1048576K
Event: 1.563 GC heap after
Heap after GC invocations=5 (full 1):
 PSYoungGen      total 93184K, used 4805K [0x000000076ca00000, 0x0000000775780000, 0x00000007c0000000)
  eden space 88064K, 0% used [0x000000076ca00000,0x000000076ca00000,0x0000000772000000)
  from space 5120K, 93% used [0x0000000775280000,0x00000007757314f0,0x0000000775780000)
  to   space 10752K, 0% used [0x0000000774280000,0x0000000774280000,0x0000000774d00000)
 ParOldGen       total 112640K, used 8983K [0x00000006c5e00000, 0x00000006ccc00000, 0x000000076ca00000)
  object space 112640K, 7% used [0x00000006c5e00000,0x00000006c66c5e30,0x00000006ccc00000)
 Metaspace       used 21918K, capacity 22758K, committed 22912K, reserved 1069056K
  class space    used 2631K, capacity 2840K, committed 2944K, reserved 1048576K
}
Event: 1.870 GC heap before
{Heap before GC invocations=6 (full 1):
 PSYoungGen      total 93184K, used 86659K [0x000000076ca00000, 0x0000000775780000, 0x00000007c0000000)
  eden space 88064K, 92% used [0x000000076ca00000,0x00000007719ef7a8,0x0000000772000000)
  from space 5120K, 93% used [0x0000000775280000,0x00000007757314f0,0x0000000775780000)
  to   space 10752K, 0% used [0x0000000774280000,0x0000000774280000,0x0000000774d00000)
 ParOldGen       total 112640K, used 8983K [0x00000006c5e00000, 0x00000006ccc00000, 0x000000076ca00000)
  object space 112640K, 7% used [0x00000006c5e00000,0x00000006c66c5e30,0x00000006ccc00000)
 Metaspace       used 25157K, capacity 26214K, committed 26368K, reserved 1073152K
  class space    used 3000K, capacity 3232K, committed 3328K, reserved 1048576K
Event: 1.882 GC heap after
Heap after GC invocations=6 (full 1):
 PSYoungGen      total 134144K, used 8030K [0x000000076ca00000, 0x0000000776080000, 0x00000007c0000000)
  eden space 123392K, 0% used [0x000000076ca00000,0x000000076ca00000,0x0000000774280000)
  from space 10752K, 74% used [0x0000000774280000,0x0000000774a57810,0x0000000774d00000)
  to   space 11264K, 0% used [0x0000000775580000,0x0000000775580000,0x0000000776080000)
 ParOldGen       total 112640K, used 39711K [0x00000006c5e00000, 0x00000006ccc00000, 0x000000076ca00000)
  object space 112640K, 35% used [0x00000006c5e00000,0x00000006c84c7e60,0x00000006ccc00000)
 Metaspace       used 25157K, capacity 26214K, committed 26368K, reserved 1073152K
  class space    used 3000K, capacity 3232K, committed 3328K, reserved 1048576K
}
Event: 2.275 GC heap before
{Heap before GC invocations=7 (full 1):
 PSYoungGen      total 134144K, used 131422K [0x000000076ca00000, 0x0000000776080000, 0x00000007c0000000)
  eden space 123392K, 100% used [0x000000076ca00000,0x0000000774280000,0x0000000774280000)
  from space 10752K, 74% used [0x0000000774280000,0x0000000774a57810,0x0000000774d00000)
  to   space 11264K, 0% used [0x0000000775580000,0x0000000775580000,0x0000000776080000)
 ParOldGen       total 112640K, used 39711K [0x00000006c5e00000, 0x00000006ccc00000, 0x000000076ca00000)
  object space 112640K, 35% used [0x00000006c5e00000,0x00000006c84c7e60,0x00000006ccc00000)
 Metaspace       used 29651K, capacity 30746K, committed 31104K, reserved 1077248K
  class space    used 3553K, capacity 3848K, committed 3968K, reserved 1048576K
Event: 2.282 GC heap after
Heap after GC invocations=7 (full 1):
 PSYoungGen      total 136704K, used 11253K [0x000000076ca00000, 0x000000077a100000, 0x00000007c0000000)
  eden space 125440K, 0% used [0x000000076ca00000,0x000000076ca00000,0x0000000774480000)
  from space 11264K, 99% used [0x0000000775580000,0x000000077607d538,0x0000000776080000)
  to   space 17408K, 0% used [0x0000000774480000,0x0000000774480000,0x0000000775580000)
 ParOldGen       total 112640K, used 48553K [0x00000006c5e00000, 0x00000006ccc00000, 0x000000076ca00000)
  object space 112640K, 43% used [0x00000006c5e00000,0x00000006c8d6a5a0,0x00000006ccc00000)
 Metaspace       used 29651K, capacity 30746K, committed 31104K, reserved 1077248K
  class space    used 3553K, capacity 3848K, committed 3968K, reserved 1048576K
}
Event: 3.000 GC heap before
{Heap before GC invocations=8 (full 1):
 PSYoungGen      total 136704K, used 136693K [0x000000076ca00000, 0x000000077a100000, 0x00000007c0000000)
  eden space 125440K, 100% used [0x000000076ca00000,0x0000000774480000,0x0000000774480000)
  from space 11264K, 99% used [0x0000000775580000,0x000000077607d538,0x0000000776080000)
  to   space 17408K, 0% used [0x0000000774480000,0x0000000774480000,0x0000000775580000)
 ParOldGen       total 112640K, used 48553K [0x00000006c5e00000, 0x00000006ccc00000, 0x000000076ca00000)
  object space 112640K, 43% used [0x00000006c5e00000,0x00000006c8d6a5a0,0x00000006ccc00000)
 Metaspace       used 31728K, capacity 32912K, committed 33024K, reserved 1079296K
  class space    used 3756K, capacity 4055K, committed 4096K, reserved 1048576K
Event: 3.006 GC heap after
Heap after GC invocations=8 (full 1):
 PSYoungGen      total 142848K, used 17283K [0x000000076ca00000, 0x000000077a400000, 0x00000007c0000000)
  eden space 125440K, 0% used [0x000000076ca00000,0x000000076ca00000,0x0000000774480000)
  from space 17408K, 99% used [0x0000000774480000,0x0000000775560ce0,0x0000000775580000)
  to   space 19968K, 0% used [0x0000000779080000,0x0000000779080000,0x000000077a400000)
 ParOldGen       total 112640K, used 48561K [0x00000006c5e00000, 0x00000006ccc00000, 0x000000076ca00000)
  object space 112640K, 43% used [0x00000006c5e00000,0x00000006c8d6c5a0,0x00000006ccc00000)
 Metaspace       used 31728K, capacity 32912K, committed 33024K, reserved 1079296K
  class space    used 3756K, capacity 4055K, committed 4096K, reserved 1048576K
}

Deoptimization events (10 events):
Event: 2.844 Thread 0x0000000003063800 Uncommon trap: reason=unstable_if action=reinterpret pc=0x00000000046c03f0 method=java.io.WinNTFileSystem.resolve(Ljava/lang/String;Ljava/lang/String;)Ljava/lang/String; @ 117
Event: 2.905 Thread 0x0000000003063800 Uncommon trap: reason=bimorphic action=maybe_recompile pc=0x0000000004714b50 method=java.lang.reflect.Field.get(Ljava/lang/Object;)Ljava/lang/Object; @ 45
Event: 2.908 Thread 0x0000000003063800 Uncommon trap: reason=bimorphic action=maybe_recompile pc=0x0000000004714b50 method=java.lang.reflect.Field.get(Ljava/lang/Object;)Ljava/lang/Object; @ 45
Event: 2.909 Thread 0x0000000003063800 Uncommon trap: reason=bimorphic action=maybe_recompile pc=0x0000000004714b50 method=java.lang.reflect.Field.get(Ljava/lang/Object;)Ljava/lang/Object; @ 45
Event: 2.909 Thread 0x0000000003063800 Uncommon trap: reason=bimorphic action=maybe_recompile pc=0x0000000004714b50 method=java.lang.reflect.Field.get(Ljava/lang/Object;)Ljava/lang/Object; @ 45
Event: 2.934 Thread 0x0000000003063800 Uncommon trap: reason=class_check action=maybe_recompile pc=0x0000000004767694 method=lombok.javac.JavacNode.traverse(Llombok/javac/JavacASTVisitor;)V @ 490
Event: 2.934 Thread 0x0000000003063800 Uncommon trap: reason=class_check action=maybe_recompile pc=0x0000000004767694 method=lombok.javac.JavacNode.traverse(Llombok/javac/JavacASTVisitor;)V @ 490
Event: 2.934 Thread 0x0000000003063800 Uncommon trap: reason=class_check action=maybe_recompile pc=0x0000000004767508 method=lombok.javac.JavacNode.traverse(Llombok/javac/JavacASTVisitor;)V @ 193
Event: 2.934 Thread 0x0000000003063800 Uncommon trap: reason=class_check action=maybe_recompile pc=0x0000000004767544 method=lombok.javac.JavacNode.traverse(Llombok/javac/JavacASTVisitor;)V @ 369
Event: 2.934 Thread 0x0000000003063800 Uncommon trap: reason=class_check action=maybe_recompile pc=0x0000000004767544 method=lombok.javac.JavacNode.traverse(Llombok/javac/JavacASTVisitor;)V @ 369

Classes redefined (0 events):
No events

Internal exceptions (10 events):
Event: 3.124 Thread 0x0000000003063800 NullPointerException at vtable entry 0x000000000341e9f7
Event: 3.124 Thread 0x0000000003063800 Exception <a 'java/lang/NullPointerException'> (0x000000076e7dc428) thrown at [C:\re\workspace\8-2-build-windows-amd64-cygwin\jdk8u202\12323\hotspot\src\share\vm\runtime\sharedRuntime.cpp, line 605]
Event: 3.124 Thread 0x0000000003063800 NullPointerException at vtable entry 0x000000000341e9f7
Event: 3.124 Thread 0x0000000003063800 Exception <a 'java/lang/NullPointerException'> (0x000000076e80ab80) thrown at [C:\re\workspace\8-2-build-windows-amd64-cygwin\jdk8u202\12323\hotspot\src\share\vm\runtime\sharedRuntime.cpp, line 605]
Event: 3.125 Thread 0x0000000003063800 NullPointerException at vtable entry 0x000000000341e9f7
Event: 3.125 Thread 0x0000000003063800 Exception <a 'java/lang/NullPointerException'> (0x000000076e83b1c8) thrown at [C:\re\workspace\8-2-build-windows-amd64-cygwin\jdk8u202\12323\hotspot\src\share\vm\runtime\sharedRuntime.cpp, line 605]
Event: 3.125 Thread 0x0000000003063800 NullPointerException at vtable entry 0x000000000341e9f7
Event: 3.125 Thread 0x0000000003063800 Exception <a 'java/lang/NullPointerException'> (0x000000076e86bd88) thrown at [C:\re\workspace\8-2-build-windows-amd64-cygwin\jdk8u202\12323\hotspot\src\share\vm\runtime\sharedRuntime.cpp, line 605]
Event: 3.126 Thread 0x0000000003063800 NullPointerException at vtable entry 0x000000000341e9f7
Event: 3.126 Thread 0x0000000003063800 Exception <a 'java/lang/NullPointerException'> (0x000000076e896c48) thrown at [C:\re\workspace\8-2-build-windows-amd64-cygwin\jdk8u202\12323\hotspot\src\share\vm\runtime\sharedRuntime.cpp, line 605]

Events (10 events):
Event: 3.000 Executing VM operation: ParallelGCFailedAllocation
Event: 3.006 Executing VM operation: ParallelGCFailedAllocation done
Event: 3.015 loading class java/util/IdentityHashMap$1
Event: 3.015 loading class java/util/IdentityHashMap$1 done
Event: 3.038 loading class java/util/regex/Pattern$Loop
Event: 3.038 loading class java/util/regex/Pattern$Loop done
Event: 3.038 loading class java/util/regex/Pattern$Prolog
Event: 3.038 loading class java/util/regex/Pattern$Prolog done
Event: 3.059 loading class sun/misc/ProxyGenerator$1
Event: 3.060 loading class sun/misc/ProxyGenerator$1 done


Dynamic libraries:
0x00007ff676a30000 - 0x00007ff676a67000 	C:\Program Files\Java\jdk1.8.0_202\bin\java.exe
0x00007ff9bbab0000 - 0x00007ff9bbcc7000 	C:\WINDOWS\SYSTEM32\ntdll.dll
0x00007ff9bb1a0000 - 0x00007ff9bb264000 	C:\WINDOWS\System32\KERNEL32.DLL
0x00007ff9b8fe0000 - 0x00007ff9b938d000 	C:\WINDOWS\System32\KERNELBASE.dll
0x00007ff9ba100000 - 0x00007ff9ba1b2000 	C:\WINDOWS\System32\ADVAPI32.dll
0x00007ff9ba2a0000 - 0x00007ff9ba347000 	C:\WINDOWS\System32\msvcrt.dll
0x00007ff9bb700000 - 0x00007ff9bb7a9000 	C:\WINDOWS\System32\sechost.dll
0x00007ff9b8f40000 - 0x00007ff9b8f68000 	C:\WINDOWS\System32\bcrypt.dll
0x00007ff9bb320000 - 0x00007ff9bb434000 	C:\WINDOWS\System32\RPCRT4.dll
0x00007ff9ba9b0000 - 0x00007ff9bab5e000 	C:\WINDOWS\System32\USER32.dll
0x00007ff9b9390000 - 0x00007ff9b93b6000 	C:\WINDOWS\System32\win32u.dll
0x00007ff9bb2f0000 - 0x00007ff9bb319000 	C:\WINDOWS\System32\GDI32.dll
0x00007ff9b9640000 - 0x00007ff9b9759000 	C:\WINDOWS\System32\gdi32full.dll
0x00007ff9b95a0000 - 0x00007ff9b963a000 	C:\WINDOWS\System32\msvcp_win.dll
0x00007ff9b9480000 - 0x00007ff9b9591000 	C:\WINDOWS\System32\ucrtbase.dll
0x00007ff9a8300000 - 0x00007ff9a8593000 	C:\WINDOWS\WinSxS\amd64_microsoft.windows.common-controls_6595b64144ccf1df_6.0.22621.3672_none_2713b9d173822955\COMCTL32.dll
0x00007ff9bad70000 - 0x00007ff9bada1000 	C:\WINDOWS\System32\IMM32.DLL
0x0000000071500000 - 0x00000000715d2000 	C:\Program Files\Java\jdk1.8.0_202\jre\bin\msvcr100.dll
0x00000000702e0000 - 0x0000000070b85000 	C:\Program Files\Java\jdk1.8.0_202\jre\bin\server\jvm.dll
0x00007ff9babe0000 - 0x00007ff9babe8000 	C:\WINDOWS\System32\PSAPI.DLL
0x00007ff992460000 - 0x00007ff992469000 	C:\WINDOWS\SYSTEM32\WSOCK32.dll
0x00007ff9b1b50000 - 0x00007ff9b1b84000 	C:\WINDOWS\SYSTEM32\WINMM.dll
0x00007ff9b1b40000 - 0x00007ff9b1b4a000 	C:\WINDOWS\SYSTEM32\VERSION.dll
0x00007ff9ba1c0000 - 0x00007ff9ba231000 	C:\WINDOWS\System32\WS2_32.dll
0x00007ff9b17c0000 - 0x00007ff9b17cf000 	C:\Program Files\Java\jdk1.8.0_202\jre\bin\verify.dll
0x00007ff9a5d10000 - 0x00007ff9a5d39000 	C:\Program Files\Java\jdk1.8.0_202\jre\bin\java.dll
0x00007ff998db0000 - 0x00007ff998dd3000 	C:\Program Files\Java\jdk1.8.0_202\jre\bin\instrument.dll
0x00007ff9b12e0000 - 0x00007ff9b12f6000 	C:\Program Files\Java\jdk1.8.0_202\jre\bin\zip.dll
0x00007ff9b9890000 - 0x00007ff9ba0f7000 	C:\WINDOWS\System32\SHELL32.dll
0x00007ff9b6d50000 - 0x00007ff9b764f000 	C:\WINDOWS\SYSTEM32\windows.storage.dll
0x00007ff9bae10000 - 0x00007ff9bb19e000 	C:\WINDOWS\System32\combase.dll
0x00007ff9b6c10000 - 0x00007ff9b6d4f000 	C:\WINDOWS\SYSTEM32\wintypes.dll
0x00007ff9bb440000 - 0x00007ff9bb539000 	C:\WINDOWS\System32\SHCORE.dll
0x00007ff9ba240000 - 0x00007ff9ba29e000 	C:\WINDOWS\System32\shlwapi.dll
0x00007ff9b8d00000 - 0x00007ff9b8d27000 	C:\WINDOWS\SYSTEM32\profapi.dll
0x00007ff9afb50000 - 0x00007ff9afb6a000 	C:\Users\Balla Aron\AppData\Local\Programs\IntelliJ IDEA Ultimate\bin\breakgen64.dll
0x00007ff9a2b30000 - 0x00007ff9a2b4a000 	C:\Program Files\Java\jdk1.8.0_202\jre\bin\net.dll
0x00007ff9a8d00000 - 0x00007ff9a8ef0000 	C:\WINDOWS\SYSTEM32\urlmon.dll
0x00007ff9a8640000 - 0x00007ff9a88fe000 	C:\WINDOWS\SYSTEM32\iertutil.dll
0x00007ff9b7910000 - 0x00007ff9b791c000 	C:\WINDOWS\SYSTEM32\netutils.dll
0x00007ff9a85c0000 - 0x00007ff9a85e8000 	C:\WINDOWS\SYSTEM32\srvcli.dll
0x00007ff9b8380000 - 0x00007ff9b83e9000 	C:\WINDOWS\system32\mswsock.dll
0x00007ff99a150000 - 0x00007ff99a162000 	C:\Program Files\Java\jdk1.8.0_202\jre\bin\nio.dll
0x0000000069ac0000 - 0x0000000069ae4000 	C:\Users\Balla Aron\AppData\Local\Temp\jansi-2.4.0-b9e833ccc3153164-jansi.dll
0x00007ff9afd00000 - 0x00007ff9afd0d000 	C:\Program Files\Java\jdk1.8.0_202\jre\bin\management.dll
0x00007ff99eed0000 - 0x00007ff99eee7000 	C:\WINDOWS\system32\napinsp.dll
0x00007ff99eeb0000 - 0x00007ff99eecb000 	C:\WINDOWS\system32\pnrpnsp.dll
0x00007ff9b7990000 - 0x00007ff9b7a88000 	C:\WINDOWS\SYSTEM32\DNSAPI.dll
0x00007ff9b7920000 - 0x00007ff9b794d000 	C:\WINDOWS\SYSTEM32\IPHLPAPI.DLL
0x00007ff9bb7b0000 - 0x00007ff9bb7b9000 	C:\WINDOWS\System32\NSI.dll
0x00007ff99ea70000 - 0x00007ff99ea81000 	C:\WINDOWS\System32\winrnr.dll
0x00007ff99b6f0000 - 0x00007ff99b705000 	C:\WINDOWS\system32\wshbth.dll
0x00007ff99b6c0000 - 0x00007ff99b6e7000 	C:\WINDOWS\system32\nlansp_c.dll
0x00007ff9b2cf0000 - 0x00007ff9b2cfa000 	C:\Windows\System32\rasadhlp.dll
0x00007ff9b2880000 - 0x00007ff9b2903000 	C:\WINDOWS\System32\fwpuclnt.dll

VM Arguments:
jvm_args: -Dmaven.multiModuleProjectDirectory=C:\Users\Balla Aron\Medusa -Djansi.passthrough=true -Dmaven.home=C:\Users\Balla Aron\AppData\Local\Programs\IntelliJ IDEA Ultimate\plugins\maven\lib\maven3 -Dclassworlds.conf=C:\Users\Balla Aron\AppData\Local\Programs\IntelliJ IDEA Ultimate\plugins\maven\lib\maven3\bin\m2.conf -Dmaven.ext.class.path=C:\Users\Balla Aron\AppData\Local\Programs\IntelliJ IDEA Ultimate\plugins\maven\lib\maven-event-listener.jar -javaagent:C:\Users\Balla Aron\AppData\Local\Programs\IntelliJ IDEA Ultimate\lib\idea_rt.jar=58953:C:\Users\Balla Aron\AppData\Local\Programs\IntelliJ IDEA Ultimate\bin -Dfile.encoding=UTF-8 
java_command: org.codehaus.classworlds.Launcher -Didea.version=2024.1.3 install
java_class_path (initial): C:\Users\Balla Aron\AppData\Local\Programs\IntelliJ IDEA Ultimate\plugins\maven\lib\maven3\boot\plexus-classworlds-2.7.0.jar;C:\Users\Balla Aron\AppData\Local\Programs\IntelliJ IDEA Ultimate\plugins\maven\lib\maven3\boot\plexus-classworlds.license;C:\Users\Balla Aron\AppData\Local\Programs\IntelliJ IDEA Ultimate\lib\idea_rt.jar
Launcher Type: SUN_STANDARD

Environment Variables:
PATH=C:\Program Files\Common Files\Oracle\Java\javapath;C:\Program Files (x86)\Common Files\Oracle\Java\java8path;C:\Program Files (x86)\Common Files\Oracle\Java\javapath;C:\ProgramData\Oracle\Java\javapath;C:\Windows\system32;C:\Windows;C:\Windows\System32\Wbem;C:\Windows\System32\WindowsPowerShell\v1.0\;C:\Windows\System32\OpenSSH\;C:\Program Files (x86)\NVIDIA Corporation\PhysX\Common;C:\Program Files\NVIDIA Corporation\NVIDIA NvDLISR;C:\Program Files (x86)\dotnet\;C:\Program Files\Cloudflare\Cloudflare WARP\;C:\Program Files\dotnet\;C:\Program Files\Tailscale\;C:\Program Files\nodejs\;C:\WINDOWS\system32;C:\WINDOWS;C:\WINDOWS\System32\Wbem;C:\WINDOWS\System32\WindowsPowerShell\v1.0\;C:\WINDOWS\System32\OpenSSH\;C:\Program Files\Git\cmd;C:\Users\Balla Aron\AppData\Local\Microsoft\WindowsApps;C:\Users\Balla Aron\AppData\Local\Programs\Microsoft VS Code Insiders\bin;C:\Users\Balla Aron\AppData\Roaming\npm;C:\Users\Balla Aron\AppData\Local\spicetify;C:\Users\Balla Aron\AppData\Local\JetBrains\Toolbox\scripts
USERNAME=Limhax_
OS=Windows_NT
PROCESSOR_IDENTIFIER=Intel64 Family 6 Model 154 Stepping 3, GenuineIntel



---------------  S Y S T E M  ---------------

OS: Windows 10.0 , 64 bit Build 22621 (10.0.22621.3958)

CPU:total 20 (initial active 20) (10 cores per cpu, 2 threads per core) family 6 model 154 stepping 3, cmov, cx8, fxsr, mmx, sse, sse2, sse3, ssse3, sse4.1, sse4.2, popcnt, avx, avx2, aes, clmul, erms, 3dnowpref, lzcnt, ht, tsc, tscinvbit, bmi1, bmi2, adx

Memory: 4k page, physical 16388716k(529252k free), swap 40964716k(6128k free)

vm_info: Java HotSpot(TM) 64-Bit Server VM (25.202-b08) for windows-amd64 JRE (1.8.0_202-b08), built on Dec 15 2018 19:54:30 by "java_re" with MS VC++ 10.0 (VS2010)

time: Wed Sep 18 18:26:35 2024
timezone: Közép-európai nyári idõ 
elapsed time: 3 seconds (0d 0h 0m 3s)

