#
# There is insufficient memory for the Java Runtime Environment to continue.
# Native memory allocation (malloc) failed to allocate 1048576 bytes for AllocateHeap
# Possible reasons:
#   The system is out of physical RAM or swap space
#   The process is running with CompressedOops enabled, and the Java Heap may be blocking the growth of the native heap
# Possible solutions:
#   Reduce memory load on the system
#   Increase physical memory or swap space
#   Check if swap backing store is full
#   Decrease Java heap size (-Xmx/-Xms)
#   Decrease number of Java threads
#   Decrease Java thread stack sizes (-Xss)
#   Set larger code cache with -XX:ReservedCodeCacheSize=
#   JVM is running with Zero Based Compressed Oops mode in which the Java heap is
#     placed in the first 32GB address space. The Java Heap base address is the
#     maximum limit for the native heap growth. Please use -XX:HeapBaseMinAddress
#     to set the Java Heap base and to place the Java Heap above 32GB virtual address.
# This output file may be truncated or incomplete.
#
#  Out of Memory Error (memory/allocation.inline.hpp:61), pid=36228, tid=0x0000000000007dc4
#
# JRE version:  (8.0_202-b08) (build )
# Java VM: Java HotSpot(TM) 64-Bit Server VM (25.202-b08 mixed mode windows-amd64 compressed oops)
# Failed to write core dump. Minidumps are not enabled by default on client versions of Windows
#

---------------  T H R E A D  ---------------

Current thread (0x00000000034e3800):  JavaThread "Unknown thread" [_thread_in_vm, id=32196, stack(0x00000000031e0000,0x00000000032e0000)]

Stack: [0x00000000031e0000,0x00000000032e0000]
[error occurred during error reporting (printing stack bounds), id 0xc0000005]

Native frames: (J=compiled Java code, j=interpreted, Vv=VM code, C=native code)


---------------  P R O C E S S  ---------------

Java Threads: ( => current thread )

Other Threads:

=>0x00000000034e3800 (exited) JavaThread "Unknown thread" [_thread_in_vm, id=32196, stack(0x00000000031e0000,0x00000000032e0000)]

VM state:not at safepoint (normal execution)

VM Mutex/Monitor currently owned by a thread: None

heap address: 0x00000006c5e00000, size: 4002 MB, Compressed Oops mode: Zero based, Oop shift amount: 3
Narrow klass base: 0x0000000000000000, Narrow klass shift: 3
Compressed class space size: 1073741824 Address: 0x00000007c0000000

Heap:
 PSYoungGen      total 75264K, used 1290K [0x000000076ca00000, 0x0000000771e00000, 0x00000007c0000000)
  eden space 64512K, 2% used [0x000000076ca00000,0x000000076cb42900,0x0000000770900000)
  from space 10752K, 0% used [0x0000000771380000,0x0000000771380000,0x0000000771e00000)
  to   space 10752K, 0% used [0x0000000770900000,0x0000000770900000,0x0000000771380000)
 ParOldGen       total 172032K, used 0K [0x00000006c5e00000, 0x00000006d0600000, 0x000000076ca00000)
  object space 172032K, 0% used [0x00000006c5e00000,0x00000006c5e00000,0x00000006d0600000)
 Metaspace       used 775K, capacity 4480K, committed 4480K, reserved 1056768K
  class space    used 76K, capacity 384K, committed 384K, reserved 1048576K

Card table byte_map: [0x00000000129a0000,0x0000000013180000] byte_map_base: 0x000000000f371000

Marking Bits: (ParMarkBitMap*) 0x0000000070b05ce0
 Begin Bits: [0x00000000145c0000, 0x0000000018448000)
 End Bits:   [0x0000000018448000, 0x000000001c2d0000)

Polling page: 0x0000000001290000

CodeCache: size=245760Kb used=328Kb max_used=328Kb free=245431Kb
 bounds [0x00000000035e0000, 0x0000000003850000, 0x00000000125e0000]
 total_blobs=58 nmethods=0 adapters=38
 compilation: enabled

Compilation events (0 events):
No events

GC Heap History (0 events):
No events

Deoptimization events (0 events):
No events

Classes redefined (0 events):
No events

Internal exceptions (0 events):
No events

Events (10 events):
Event: 0.015 loading class java/lang/Short
Event: 0.015 loading class java/lang/Short done
Event: 0.015 loading class java/lang/Integer
Event: 0.015 loading class java/lang/Integer done
Event: 0.015 loading class java/lang/Long
Event: 0.015 loading class java/lang/Long done
Event: 0.016 loading class java/lang/NullPointerException
Event: 0.016 loading class java/lang/NullPointerException done
Event: 0.016 loading class java/lang/ArithmeticException
Event: 0.016 loading class java/lang/ArithmeticException done


Dynamic libraries:
0x00007ff676a30000 - 0x00007ff676a67000 	C:\Program Files\Java\jdk1.8.0_202\bin\java.exe
0x00007ff9bbab0000 - 0x00007ff9bbcc7000 	C:\WINDOWS\SYSTEM32\ntdll.dll
0x00007ff9bb1a0000 - 0x00007ff9bb264000 	C:\WINDOWS\System32\KERNEL32.DLL
0x00007ff9b8fe0000 - 0x00007ff9b938d000 	C:\WINDOWS\System32\KERNELBASE.dll
0x00007ff9ba100000 - 0x00007ff9ba1b2000 	C:\WINDOWS\System32\ADVAPI32.dll
0x00007ff9ba2a0000 - 0x00007ff9ba347000 	C:\WINDOWS\System32\msvcrt.dll
0x00007ff9bb700000 - 0x00007ff9bb7a9000 	C:\WINDOWS\System32\sechost.dll
0x00007ff9b8f40000 - 0x00007ff9b8f68000 	C:\WINDOWS\System32\bcrypt.dll
0x00007ff9bb320000 - 0x00007ff9bb434000 	C:\WINDOWS\System32\RPCRT4.dll
0x00007ff9ba9b0000 - 0x00007ff9bab5e000 	C:\WINDOWS\System32\USER32.dll
0x00007ff9b9390000 - 0x00007ff9b93b6000 	C:\WINDOWS\System32\win32u.dll
0x00007ff9bb2f0000 - 0x00007ff9bb319000 	C:\WINDOWS\System32\GDI32.dll
0x00007ff9b9640000 - 0x00007ff9b9759000 	C:\WINDOWS\System32\gdi32full.dll
0x00007ff9b95a0000 - 0x00007ff9b963a000 	C:\WINDOWS\System32\msvcp_win.dll
0x00007ff9b9480000 - 0x00007ff9b9591000 	C:\WINDOWS\System32\ucrtbase.dll
0x00007ff9a8300000 - 0x00007ff9a8593000 	C:\WINDOWS\WinSxS\amd64_microsoft.windows.common-controls_6595b64144ccf1df_6.0.22621.3672_none_2713b9d173822955\COMCTL32.dll
0x00007ff9bad70000 - 0x00007ff9bada1000 	C:\WINDOWS\System32\IMM32.DLL
0x0000000071500000 - 0x00000000715d2000 	C:\Program Files\Java\jdk1.8.0_202\jre\bin\msvcr100.dll
0x00000000702e0000 - 0x0000000070b85000 	C:\Program Files\Java\jdk1.8.0_202\jre\bin\server\jvm.dll
0x00007ff9babe0000 - 0x00007ff9babe8000 	C:\WINDOWS\System32\PSAPI.DLL
0x00007ff992460000 - 0x00007ff992469000 	C:\WINDOWS\SYSTEM32\WSOCK32.dll
0x00007ff9b1b40000 - 0x00007ff9b1b4a000 	C:\WINDOWS\SYSTEM32\VERSION.dll
0x00007ff9b1b50000 - 0x00007ff9b1b84000 	C:\WINDOWS\SYSTEM32\WINMM.dll
0x00007ff9ba1c0000 - 0x00007ff9ba231000 	C:\WINDOWS\System32\WS2_32.dll
0x00007ff9b17c0000 - 0x00007ff9b17cf000 	C:\Program Files\Java\jdk1.8.0_202\jre\bin\verify.dll
0x00007ff9a5d10000 - 0x00007ff9a5d39000 	C:\Program Files\Java\jdk1.8.0_202\jre\bin\java.dll
0x00007ff998db0000 - 0x00007ff998dd3000 	C:\Program Files\Java\jdk1.8.0_202\jre\bin\instrument.dll
0x00007ff9b12e0000 - 0x00007ff9b12f6000 	C:\Program Files\Java\jdk1.8.0_202\jre\bin\zip.dll

VM Arguments:
jvm_args: -Dmaven.multiModuleProjectDirectory=C:\Users\Balla Aron\Medusa -Djansi.passthrough=true -Dmaven.home=C:\Users\Balla Aron\AppData\Local\Programs\IntelliJ IDEA Ultimate\plugins\maven\lib\maven3 -Dclassworlds.conf=C:\Users\Balla Aron\AppData\Local\Programs\IntelliJ IDEA Ultimate\plugins\maven\lib\maven3\bin\m2.conf -Dmaven.ext.class.path=C:\Users\Balla Aron\AppData\Local\Programs\IntelliJ IDEA Ultimate\plugins\maven\lib\maven-event-listener.jar -javaagent:C:\Users\Balla Aron\AppData\Local\Programs\IntelliJ IDEA Ultimate\lib\idea_rt.jar=58943:C:\Users\Balla Aron\AppData\Local\Programs\IntelliJ IDEA Ultimate\bin -Dfile.encoding=UTF-8 
java_command: org.codehaus.classworlds.Launcher -Didea.version=2024.1.3 install
java_class_path (initial): C:\Users\Balla Aron\AppData\Local\Programs\IntelliJ IDEA Ultimate\plugins\maven\lib\maven3\boot\plexus-classworlds-2.7.0.jar;C:\Users\Balla Aron\AppData\Local\Programs\IntelliJ IDEA Ultimate\plugins\maven\lib\maven3\boot\plexus-classworlds.license;C:\Users\Balla Aron\AppData\Local\Programs\IntelliJ IDEA Ultimate\lib\idea_rt.jar
Launcher Type: SUN_STANDARD

Environment Variables:
PATH=C:\Program Files\Common Files\Oracle\Java\javapath;C:\Program Files (x86)\Common Files\Oracle\Java\java8path;C:\Program Files (x86)\Common Files\Oracle\Java\javapath;C:\ProgramData\Oracle\Java\javapath;C:\Windows\system32;C:\Windows;C:\Windows\System32\Wbem;C:\Windows\System32\WindowsPowerShell\v1.0\;C:\Windows\System32\OpenSSH\;C:\Program Files (x86)\NVIDIA Corporation\PhysX\Common;C:\Program Files\NVIDIA Corporation\NVIDIA NvDLISR;C:\Program Files (x86)\dotnet\;C:\Program Files\Cloudflare\Cloudflare WARP\;C:\Program Files\dotnet\;C:\Program Files\Tailscale\;C:\Program Files\nodejs\;C:\WINDOWS\system32;C:\WINDOWS;C:\WINDOWS\System32\Wbem;C:\WINDOWS\System32\WindowsPowerShell\v1.0\;C:\WINDOWS\System32\OpenSSH\;C:\Program Files\Git\cmd;C:\Users\Balla Aron\AppData\Local\Microsoft\WindowsApps;C:\Users\Balla Aron\AppData\Local\Programs\Microsoft VS Code Insiders\bin;C:\Users\Balla Aron\AppData\Roaming\npm;C:\Users\Balla Aron\AppData\Local\spicetify;C:\Users\Balla Aron\AppData\Local\JetBrains\Toolbox\scripts
USERNAME=Limhax_
OS=Windows_NT
PROCESSOR_IDENTIFIER=Intel64 Family 6 Model 154 Stepping 3, GenuineIntel



---------------  S Y S T E M  ---------------

OS: Windows 10.0 , 64 bit Build 22621 (10.0.22621.3958)

CPU:total 20 (initial active 20) (10 cores per cpu, 2 threads per core) family 6 model 154 stepping 3, cmov, cx8, fxsr, mmx, sse, sse2, sse3, ssse3, sse4.1, sse4.2, popcnt, avx, avx2, aes, clmul, erms, 3dnowpref, lzcnt, ht, tsc, tscinvbit, bmi1, bmi2, adx

Memory: 4k page, physical 16388716k(857980k free), swap 40964716k(5948k free)

vm_info: Java HotSpot(TM) 64-Bit Server VM (25.202-b08) for windows-amd64 JRE (1.8.0_202-b08), built on Dec 15 2018 19:54:30 by "java_re" with MS VC++ 10.0 (VS2010)

time: Wed Sep 18 18:26:08 2024
timezone: Közép-európai nyári idõ 
elapsed time: 0 seconds (0d 0h 0m 0s)

