#
# There is insufficient memory for the Java Runtime Environment to continue.
# Native memory allocation (malloc) failed to allocate 1356448 bytes for Chunk::new
# Possible reasons:
#   The system is out of physical RAM or swap space
#   The process is running with CompressedOops enabled, and the Java Heap may be blocking the growth of the native heap
# Possible solutions:
#   Reduce memory load on the system
#   Increase physical memory or swap space
#   Check if swap backing store is full
#   Decrease Java heap size (-Xmx/-Xms)
#   Decrease number of Java threads
#   Decrease Java thread stack sizes (-Xss)
#   Set larger code cache with -XX:ReservedCodeCacheSize=
#   JVM is running with Zero Based Compressed Oops mode in which the Java heap is
#     placed in the first 32GB address space. The Java Heap base address is the
#     maximum limit for the native heap growth. Please use -XX:HeapBaseMinAddress
#     to set the Java Heap base and to place the Java Heap above 32GB virtual address.
# This output file may be truncated or incomplete.
#
#  Out of Memory Error (allocation.cpp:389), pid=31180, tid=0x0000000000004c90
#
# JRE version: Java(TM) SE Runtime Environment (8.0_202-b08) (build 1.8.0_202-b08)
# Java VM: Java HotSpot(TM) 64-Bit Server VM (25.202-b08 mixed mode windows-amd64 compressed oops)
# Failed to write core dump. Minidumps are not enabled by default on client versions of Windows
#

---------------  T H R E A D  ---------------

Current thread (0x000000001efae000):  JavaThread "C2 CompilerThread5" daemon [_thread_in_native, id=19600, stack(0x0000000021590000,0x0000000021690000)]

Stack: [0x0000000021590000,0x0000000021690000]
[error occurred during error reporting (printing stack bounds), id 0xc0000005]

Native frames: (J=compiled Java code, j=interpreted, Vv=VM code, C=native code)


Current CompileTask:
C2:   3142 5935       4       lombok.javac.JavacAST::buildStatementOrExpression (104 bytes)


---------------  P R O C E S S  ---------------

Java Threads: ( => current thread )
  0x000000001f06a000 JavaThread "Service Thread" daemon [_thread_blocked, id=30092, stack(0x0000000021d90000,0x0000000021e90000)]
  0x000000001efc0800 JavaThread "C1 CompilerThread11" daemon [_thread_blocked, id=35468, stack(0x0000000021b90000,0x0000000021c90000)]
  0x000000001efb8000 JavaThread "C1 CompilerThread10" daemon [_thread_blocked, id=15072, stack(0x0000000021a90000,0x0000000021b90000)]
  0x000000001efb3000 JavaThread "C1 CompilerThread9" daemon [_thread_blocked, id=3248, stack(0x0000000021990000,0x0000000021a90000)]
  0x000000001efb2800 JavaThread "C1 CompilerThread8" daemon [_thread_blocked, id=41036, stack(0x0000000021890000,0x0000000021990000)]
  0x000000001efb0800 JavaThread "C2 CompilerThread7" daemon [_thread_in_native, id=40740, stack(0x0000000021790000,0x0000000021890000)]
  0x000000001efb0000 JavaThread "C2 CompilerThread6" daemon [_thread_in_native, id=40412, stack(0x0000000021690000,0x0000000021790000)]
=>0x000000001efae000 JavaThread "C2 CompilerThread5" daemon [_thread_in_native, id=19600, stack(0x0000000021590000,0x0000000021690000)]
  0x000000001efab800 JavaThread "C2 CompilerThread4" daemon [_thread_blocked, id=30548, stack(0x0000000021490000,0x0000000021590000)]
  0x000000001efa2800 JavaThread "C2 CompilerThread3" daemon [_thread_in_native, id=21764, stack(0x0000000021390000,0x0000000021490000)]
  0x000000001efa2000 JavaThread "C2 CompilerThread2" daemon [_thread_in_native, id=43436, stack(0x0000000021290000,0x0000000021390000)]
  0x000000001efa0000 JavaThread "C2 CompilerThread1" daemon [_thread_in_native, id=42924, stack(0x0000000021190000,0x0000000021290000)]
  0x000000001ef9f000 JavaThread "C2 CompilerThread0" daemon [_thread_in_native, id=35832, stack(0x0000000021090000,0x0000000021190000)]
  0x000000001ef99800 JavaThread "Monitor Ctrl-Break" daemon [_thread_in_native, id=18088, stack(0x0000000020f90000,0x0000000021090000)]
  0x000000001ef29800 JavaThread "Attach Listener" daemon [_thread_blocked, id=25768, stack(0x0000000020e90000,0x0000000020f90000)]
  0x000000001ef28800 JavaThread "Signal Dispatcher" daemon [_thread_blocked, id=36972, stack(0x0000000020d90000,0x0000000020e90000)]
  0x000000001d24e800 JavaThread "Finalizer" daemon [_thread_blocked, id=26680, stack(0x0000000020b70000,0x0000000020c70000)]
  0x000000001ef08000 JavaThread "Reference Handler" daemon [_thread_blocked, id=14896, stack(0x0000000020a70000,0x0000000020b70000)]
  0x0000000003283800 JavaThread "main" [_thread_blocked, id=39248, stack(0x0000000002ed0000,0x0000000002fd0000)]

Other Threads:
  0x000000001eee5000 VMThread [stack: 0x0000000020970000,0x0000000020a70000] [id=40800]
  0x000000001f0b5000 WatcherThread [stack: 0x0000000021e90000,0x0000000021f90000] [id=22388]

VM state:at safepoint (normal execution)

VM Mutex/Monitor currently owned by a thread:  ([mutex/lock_event])
[0x0000000003280b50] Threads_lock - owner thread: 0x000000001eee5000
[0x0000000003282b60] Heap_lock - owner thread: 0x0000000003283800

heap address: 0x00000006c5e00000, size: 4002 MB, Compressed Oops mode: Zero based, Oop shift amount: 3
Narrow klass base: 0x0000000000000000, Narrow klass shift: 3
Compressed class space size: 1073741824 Address: 0x00000007c0000000

Heap:
 PSYoungGen      total 132096K, used 132079K [0x000000076ca00000, 0x0000000779c80000, 0x00000007c0000000)
  eden space 120832K, 100% used [0x000000076ca00000,0x0000000774000000,0x0000000774000000)
  from space 11264K, 99% used [0x0000000775180000,0x0000000775c7bc50,0x0000000775c80000)
  to   space 17920K, 50% used [0x0000000774000000,0x00000007748d9d10,0x0000000775180000)
 ParOldGen       total 115200K, used 48749K [0x00000006c5e00000, 0x00000006cce80000, 0x000000076ca00000)
  object space 115200K, 42% used [0x00000006c5e00000,0x00000006c8d9b6d0,0x00000006cce80000)
 Metaspace       used 31700K, capacity 32916K, committed 33024K, reserved 1079296K
  class space    used 3756K, capacity 4055K, committed 4096K, reserved 1048576K

Card table byte_map: [0x0000000012740000,0x0000000012f20000] byte_map_base: 0x000000000f111000

Marking Bits: (ParMarkBitMap*) 0x0000000070b05ce0
 Begin Bits: [0x0000000014360000, 0x00000000181e8000)
 End Bits:   [0x00000000181e8000, 0x000000001c070000)

Polling page: 0x0000000002d70000

CodeCache: size=245760Kb used=22656Kb max_used=22667Kb free=223103Kb
 bounds [0x0000000003380000, 0x00000000049c0000, 0x0000000012380000]
 total_blobs=6246 nmethods=5768 adapters=387
 compilation: enabled

Compilation events (10 events):
Event: 3.139 Thread 0x000000001efb2800 6110       3       lombok.javac.JavacTransformer$AnnotationVisitor::<init> (15 bytes)
Event: 3.139 Thread 0x000000001efb3000 6111   !   3       lombok.javac.HandlerLibrary::callASTVisitors (88 bytes)
Event: 3.139 Thread 0x000000001efb2800 nmethod 6110 0x00000000049a1350 code [0x00000000049a14c0, 0x00000000049a16f0]
Event: 3.140 Thread 0x000000001efb8000 6112       3       lombok.javac.JavacTransformer$AnnotationVisitor::visitAnnotationOnType (34 bytes)
Event: 3.140 Thread 0x000000001efb3000 nmethod 6111 0x00000000049b4190 code [0x00000000049b4440, 0x00000000049b5918]
Event: 3.140 Thread 0x000000001efb8000 nmethod 6112 0x000000000499b290 code [0x000000000499b420, 0x000000000499ba68]
Event: 3.140 Thread 0x000000001efb3000 6114       3       lombok.javac.JavacTransformer$AnnotationVisitor::visitAnnotationOnMethod (34 bytes)
Event: 3.140 Thread 0x000000001efb3000 nmethod 6114 0x000000000499a810 code [0x000000000499a9a0, 0x000000000499afe8]
Event: 3.141 Thread 0x000000001efab800 nmethod 6106 0x00000000049b1790 code [0x00000000049b1900, 0x00000000049b2068]
Event: 3.141 Thread 0x000000001efab800 6115       4       java.util.IdentityHashMap$EntryIterator::next (5 bytes)

GC Heap History (10 events):
Event: 1.187 GC heap before
{Heap before GC invocations=3 (full 0):
 PSYoungGen      total 75264K, used 45627K [0x000000076ca00000, 0x0000000771e00000, 0x00000007c0000000)
  eden space 64512K, 54% used [0x000000076ca00000,0x000000076ec2e580,0x0000000770900000)
  from space 10752K, 98% used [0x0000000771380000,0x0000000771de08f0,0x0000000771e00000)
  to   space 10752K, 0% used [0x0000000770900000,0x0000000770900000,0x0000000771380000)
 ParOldGen       total 172032K, used 32K [0x00000006c5e00000, 0x00000006d0600000, 0x000000076ca00000)
  object space 172032K, 0% used [0x00000006c5e00000,0x00000006c5e08000,0x00000006d0600000)
 Metaspace       used 20492K, capacity 21106K, committed 21248K, reserved 1067008K
  class space    used 2552K, capacity 2724K, committed 2816K, reserved 1048576K
Event: 1.192 GC heap after
Heap after GC invocations=3 (full 0):
 PSYoungGen      total 75264K, used 9434K [0x000000076ca00000, 0x0000000775d00000, 0x00000007c0000000)
  eden space 64512K, 0% used [0x000000076ca00000,0x000000076ca00000,0x0000000770900000)
  from space 10752K, 87% used [0x0000000770900000,0x0000000771236b58,0x0000000771380000)
  to   space 10752K, 0% used [0x0000000775280000,0x0000000775280000,0x0000000775d00000)
 ParOldGen       total 172032K, used 40K [0x00000006c5e00000, 0x00000006d0600000, 0x000000076ca00000)
  object space 172032K, 0% used [0x00000006c5e00000,0x00000006c5e0a000,0x00000006d0600000)
 Metaspace       used 20492K, capacity 21106K, committed 21248K, reserved 1067008K
  class space    used 2552K, capacity 2724K, committed 2816K, reserved 1048576K
}
Event: 1.192 GC heap before
{Heap before GC invocations=4 (full 1):
 PSYoungGen      total 75264K, used 9434K [0x000000076ca00000, 0x0000000775d00000, 0x00000007c0000000)
  eden space 64512K, 0% used [0x000000076ca00000,0x000000076ca00000,0x0000000770900000)
  from space 10752K, 87% used [0x0000000770900000,0x0000000771236b58,0x0000000771380000)
  to   space 10752K, 0% used [0x0000000775280000,0x0000000775280000,0x0000000775d00000)
 ParOldGen       total 172032K, used 40K [0x00000006c5e00000, 0x00000006d0600000, 0x000000076ca00000)
  object space 172032K, 0% used [0x00000006c5e00000,0x00000006c5e0a000,0x00000006d0600000)
 Metaspace       used 20492K, capacity 21106K, committed 21248K, reserved 1067008K
  class space    used 2552K, capacity 2724K, committed 2816K, reserved 1048576K
Event: 1.215 GC heap after
Heap after GC invocations=4 (full 1):
 PSYoungGen      total 75264K, used 0K [0x000000076ca00000, 0x0000000775d00000, 0x00000007c0000000)
  eden space 64512K, 0% used [0x000000076ca00000,0x000000076ca00000,0x0000000770900000)
  from space 10752K, 0% used [0x0000000770900000,0x0000000770900000,0x0000000771380000)
  to   space 10752K, 0% used [0x0000000775280000,0x0000000775280000,0x0000000775d00000)
 ParOldGen       total 115200K, used 9003K [0x00000006c5e00000, 0x00000006cce80000, 0x000000076ca00000)
  object space 115200K, 7% used [0x00000006c5e00000,0x00000006c66cadd8,0x00000006cce80000)
 Metaspace       used 20492K, capacity 21106K, committed 21248K, reserved 1067008K
  class space    used 2552K, capacity 2724K, committed 2816K, reserved 1048576K
}
Event: 1.567 GC heap before
{Heap before GC invocations=5 (full 1):
 PSYoungGen      total 75264K, used 64512K [0x000000076ca00000, 0x0000000775d00000, 0x00000007c0000000)
  eden space 64512K, 100% used [0x000000076ca00000,0x0000000770900000,0x0000000770900000)
  from space 10752K, 0% used [0x0000000770900000,0x0000000770900000,0x0000000771380000)
  to   space 10752K, 0% used [0x0000000775280000,0x0000000775280000,0x0000000775d00000)
 ParOldGen       total 115200K, used 9003K [0x00000006c5e00000, 0x00000006cce80000, 0x000000076ca00000)
  object space 115200K, 7% used [0x00000006c5e00000,0x00000006c66cadd8,0x00000006cce80000)
 Metaspace       used 21917K, capacity 22758K, committed 22912K, reserved 1069056K
  class space    used 2631K, capacity 2840K, committed 2944K, reserved 1048576K
Event: 1.570 GC heap after
Heap after GC invocations=5 (full 1):
 PSYoungGen      total 91648K, used 4790K [0x000000076ca00000, 0x0000000775780000, 0x00000007c0000000)
  eden space 86528K, 0% used [0x000000076ca00000,0x000000076ca00000,0x0000000771e80000)
  from space 5120K, 93% used [0x0000000775280000,0x000000077572d840,0x0000000775780000)
  to   space 10752K, 0% used [0x0000000774280000,0x0000000774280000,0x0000000774d00000)
 ParOldGen       total 115200K, used 9011K [0x00000006c5e00000, 0x00000006cce80000, 0x000000076ca00000)
  object space 115200K, 7% used [0x00000006c5e00000,0x00000006c66ccdd8,0x00000006cce80000)
 Metaspace       used 21917K, capacity 22758K, committed 22912K, reserved 1069056K
  class space    used 2631K, capacity 2840K, committed 2944K, reserved 1048576K
}
Event: 1.925 GC heap before
{Heap before GC invocations=6 (full 1):
 PSYoungGen      total 91648K, used 86783K [0x000000076ca00000, 0x0000000775780000, 0x00000007c0000000)
  eden space 86528K, 94% used [0x000000076ca00000,0x0000000771a12500,0x0000000771e80000)
  from space 5120K, 93% used [0x0000000775280000,0x000000077572d840,0x0000000775780000)
  to   space 10752K, 0% used [0x0000000774280000,0x0000000774280000,0x0000000774d00000)
 ParOldGen       total 115200K, used 9011K [0x00000006c5e00000, 0x00000006cce80000, 0x000000076ca00000)
  object space 115200K, 7% used [0x00000006c5e00000,0x00000006c66ccdd8,0x00000006cce80000)
 Metaspace       used 25136K, capacity 26090K, committed 26368K, reserved 1073152K
  class space    used 3000K, capacity 3232K, committed 3328K, reserved 1048576K
Event: 1.939 GC heap after
Heap after GC invocations=6 (full 1):
 PSYoungGen      total 134144K, used 8027K [0x000000076ca00000, 0x0000000775c80000, 0x00000007c0000000)
  eden space 123392K, 0% used [0x000000076ca00000,0x000000076ca00000,0x0000000774280000)
  from space 10752K, 74% used [0x0000000774280000,0x0000000774a56ec0,0x0000000774d00000)
  to   space 11264K, 0% used [0x0000000775180000,0x0000000775180000,0x0000000775c80000)
 ParOldGen       total 115200K, used 39739K [0x00000006c5e00000, 0x00000006cce80000, 0x000000076ca00000)
  object space 115200K, 34% used [0x00000006c5e00000,0x00000006c84cee08,0x00000006cce80000)
 Metaspace       used 25136K, capacity 26090K, committed 26368K, reserved 1073152K
  class space    used 3000K, capacity 3232K, committed 3328K, reserved 1048576K
}
Event: 2.391 GC heap before
{Heap before GC invocations=7 (full 1):
 PSYoungGen      total 134144K, used 131419K [0x000000076ca00000, 0x0000000775c80000, 0x00000007c0000000)
  eden space 123392K, 100% used [0x000000076ca00000,0x0000000774280000,0x0000000774280000)
  from space 10752K, 74% used [0x0000000774280000,0x0000000774a56ec0,0x0000000774d00000)
  to   space 11264K, 0% used [0x0000000775180000,0x0000000775180000,0x0000000775c80000)
 ParOldGen       total 115200K, used 39739K [0x00000006c5e00000, 0x00000006cce80000, 0x000000076ca00000)
  object space 115200K, 34% used [0x00000006c5e00000,0x00000006c84cee08,0x00000006cce80000)
 Metaspace       used 29653K, capacity 30814K, committed 31104K, reserved 1077248K
  class space    used 3554K, capacity 3848K, committed 3968K, reserved 1048576K
Event: 2.397 GC heap after
Heap after GC invocations=7 (full 1):
 PSYoungGen      total 132096K, used 11247K [0x000000076ca00000, 0x0000000779c80000, 0x00000007c0000000)
  eden space 120832K, 0% used [0x000000076ca00000,0x000000076ca00000,0x0000000774000000)
  from space 11264K, 99% used [0x0000000775180000,0x0000000775c7bc50,0x0000000775c80000)
  to   space 17920K, 0% used [0x0000000774000000,0x0000000774000000,0x0000000775180000)
 ParOldGen       total 115200K, used 48749K [0x00000006c5e00000, 0x00000006cce80000, 0x000000076ca00000)
  object space 115200K, 42% used [0x00000006c5e00000,0x00000006c8d9b6d0,0x00000006cce80000)
 Metaspace       used 29653K, capacity 30814K, committed 31104K, reserved 1077248K
  class space    used 3554K, capacity 3848K, committed 3968K, reserved 1048576K
}

Deoptimization events (10 events):
Event: 3.038 Thread 0x0000000003283800 Uncommon trap: reason=bimorphic action=maybe_recompile pc=0x0000000004915c10 method=java.lang.reflect.Field.get(Ljava/lang/Object;)Ljava/lang/Object; @ 45
Event: 3.040 Thread 0x0000000003283800 Uncommon trap: reason=bimorphic action=maybe_recompile pc=0x0000000004915c10 method=java.lang.reflect.Field.get(Ljava/lang/Object;)Ljava/lang/Object; @ 45
Event: 3.040 Thread 0x0000000003283800 Uncommon trap: reason=bimorphic action=maybe_recompile pc=0x0000000004915c10 method=java.lang.reflect.Field.get(Ljava/lang/Object;)Ljava/lang/Object; @ 45
Event: 3.041 Thread 0x0000000003283800 Uncommon trap: reason=bimorphic action=maybe_recompile pc=0x0000000004915c10 method=java.lang.reflect.Field.get(Ljava/lang/Object;)Ljava/lang/Object; @ 45
Event: 3.076 Thread 0x0000000003283800 Uncommon trap: reason=class_check action=maybe_recompile pc=0x000000000496722c method=lombok.javac.JavacNode.traverse(Llombok/javac/JavacASTVisitor;)V @ 73
Event: 3.076 Thread 0x0000000003283800 Uncommon trap: reason=class_check action=maybe_recompile pc=0x0000000004967220 method=lombok.javac.JavacNode.traverse(Llombok/javac/JavacASTVisitor;)V @ 113
Event: 3.076 Thread 0x0000000003283800 Uncommon trap: reason=class_check action=maybe_recompile pc=0x0000000004967394 method=lombok.javac.JavacNode.traverse(Llombok/javac/JavacASTVisitor;)V @ 490
Event: 3.076 Thread 0x0000000003283800 Uncommon trap: reason=class_check action=maybe_recompile pc=0x0000000004967208 method=lombok.javac.JavacNode.traverse(Llombok/javac/JavacASTVisitor;)V @ 193
Event: 3.076 Thread 0x0000000003283800 Uncommon trap: reason=class_check action=maybe_recompile pc=0x0000000004967244 method=lombok.javac.JavacNode.traverse(Llombok/javac/JavacASTVisitor;)V @ 369
Event: 3.076 Thread 0x0000000003283800 Uncommon trap: reason=class_check action=maybe_recompile pc=0x0000000004967244 method=lombok.javac.JavacNode.traverse(Llombok/javac/JavacASTVisitor;)V @ 369

Classes redefined (0 events):
No events

Internal exceptions (10 events):
Event: 1.130 Thread 0x0000000003283800 Exception <a 'sun/nio/fs/WindowsException'> (0x000000076e46c4f0) thrown at [C:\re\workspace\8-2-build-windows-amd64-cygwin\jdk8u202\12323\hotspot\src\share\vm\prims\jni.cpp, line 710]
Event: 1.231 Thread 0x0000000003283800 Implicit null exception at 0x00000000039f99d5 to 0x00000000039f9bd9
Event: 1.850 Thread 0x0000000003283800 Implicit null exception at 0x0000000003c9f198 to 0x0000000003c9f226
Event: 1.885 Thread 0x0000000003283800 Exception <a 'sun/nio/fs/WindowsException'> (0x000000076f82cbf0) thrown at [C:\re\workspace\8-2-build-windows-amd64-cygwin\jdk8u202\12323\hotspot\src\share\vm\prims\jni.cpp, line 710]
Event: 1.887 Thread 0x0000000003283800 Exception <a 'sun/nio/fs/WindowsException'> (0x000000076f841310) thrown at [C:\re\workspace\8-2-build-windows-amd64-cygwin\jdk8u202\12323\hotspot\src\share\vm\prims\jni.cpp, line 710]
Event: 1.890 Thread 0x0000000003283800 Exception <a 'sun/nio/fs/WindowsException'> (0x000000076f84e538) thrown at [C:\re\workspace\8-2-build-windows-amd64-cygwin\jdk8u202\12323\hotspot\src\share\vm\prims\jni.cpp, line 710]
Event: 2.026 Thread 0x0000000003283800 Exception <a 'java/lang/ClassNotFoundException': com/sun/tools/javac/api/JavacTool> (0x000000077115fd10) thrown at [C:\re\workspace\8-2-build-windows-amd64-cygwin\jdk8u202\12323\hotspot\src\share\vm\classfile\systemDictionary.cpp, line 210]
Event: 2.259 Thread 0x0000000003283800 Exception <a 'java/io/FileNotFoundException'> (0x0000000772ad71c0) thrown at [C:\re\workspace\8-2-build-windows-amd64-cygwin\jdk8u202\12323\hotspot\src\share\vm\prims\jni.cpp, line 710]
Event: 2.260 Thread 0x0000000003283800 Exception <a 'java/io/FileNotFoundException'> (0x0000000772b0c910) thrown at [C:\re\workspace\8-2-build-windows-amd64-cygwin\jdk8u202\12323\hotspot\src\share\vm\prims\jni.cpp, line 710]
Event: 2.466 Thread 0x0000000003283800 Implicit null exception at 0x000000000397ca98 to 0x000000000397cace

Events (10 events):
Event: 3.076 Thread 0x0000000003283800 DEOPT PACKING pc=0x0000000004967244 sp=0x0000000002fccdb0
Event: 3.076 Thread 0x0000000003283800 DEOPT UNPACKING pc=0x00000000033c583b sp=0x0000000002fccd40 mode 2
Event: 3.084 Thread 0x0000000003283800 DEOPT PACKING pc=0x000000000491d81d sp=0x0000000002fccbd0
Event: 3.084 Thread 0x0000000003283800 DEOPT UNPACKING pc=0x00000000033c7890 sp=0x0000000002fcc948 mode 0
Event: 3.087 Thread 0x0000000003283800 DEOPT PACKING pc=0x000000000491d86b sp=0x0000000002fccbd0
Event: 3.087 Thread 0x0000000003283800 DEOPT UNPACKING pc=0x00000000033c7890 sp=0x0000000002fcc948 mode 0
Event: 3.092 Thread 0x0000000003283800 DEOPT PACKING pc=0x000000000491d81d sp=0x0000000002fcd000
Event: 3.092 Thread 0x0000000003283800 DEOPT UNPACKING pc=0x00000000033c7890 sp=0x0000000002fccd78 mode 0
Event: 3.101 Thread 0x0000000003283800 DEOPT PACKING pc=0x000000000491d81d sp=0x0000000002fcd000
Event: 3.101 Thread 0x0000000003283800 DEOPT UNPACKING pc=0x00000000033c7890 sp=0x0000000002fccd78 mode 0


Dynamic libraries:
0x00007ff676a30000 - 0x00007ff676a67000 	C:\Program Files\Java\jdk1.8.0_202\bin\java.exe
0x00007ff9bbab0000 - 0x00007ff9bbcc7000 	C:\WINDOWS\SYSTEM32\ntdll.dll
0x00007ff9bb1a0000 - 0x00007ff9bb264000 	C:\WINDOWS\System32\KERNEL32.DLL
0x00007ff9b8fe0000 - 0x00007ff9b938d000 	C:\WINDOWS\System32\KERNELBASE.dll
0x00007ff9ba100000 - 0x00007ff9ba1b2000 	C:\WINDOWS\System32\ADVAPI32.dll
0x00007ff9ba2a0000 - 0x00007ff9ba347000 	C:\WINDOWS\System32\msvcrt.dll
0x00007ff9bb700000 - 0x00007ff9bb7a9000 	C:\WINDOWS\System32\sechost.dll
0x00007ff9b8f40000 - 0x00007ff9b8f68000 	C:\WINDOWS\System32\bcrypt.dll
0x00007ff9bb320000 - 0x00007ff9bb434000 	C:\WINDOWS\System32\RPCRT4.dll
0x00007ff9ba9b0000 - 0x00007ff9bab5e000 	C:\WINDOWS\System32\USER32.dll
0x00007ff9b9390000 - 0x00007ff9b93b6000 	C:\WINDOWS\System32\win32u.dll
0x00007ff9bb2f0000 - 0x00007ff9bb319000 	C:\WINDOWS\System32\GDI32.dll
0x00007ff9b9640000 - 0x00007ff9b9759000 	C:\WINDOWS\System32\gdi32full.dll
0x00007ff9b95a0000 - 0x00007ff9b963a000 	C:\WINDOWS\System32\msvcp_win.dll
0x00007ff9b9480000 - 0x00007ff9b9591000 	C:\WINDOWS\System32\ucrtbase.dll
0x00007ff9a8300000 - 0x00007ff9a8593000 	C:\WINDOWS\WinSxS\amd64_microsoft.windows.common-controls_6595b64144ccf1df_6.0.22621.3672_none_2713b9d173822955\COMCTL32.dll
0x00007ff9bad70000 - 0x00007ff9bada1000 	C:\WINDOWS\System32\IMM32.DLL
0x0000000071500000 - 0x00000000715d2000 	C:\Program Files\Java\jdk1.8.0_202\jre\bin\msvcr100.dll
0x00000000702e0000 - 0x0000000070b85000 	C:\Program Files\Java\jdk1.8.0_202\jre\bin\server\jvm.dll
0x00007ff9babe0000 - 0x00007ff9babe8000 	C:\WINDOWS\System32\PSAPI.DLL
0x00007ff9b1b40000 - 0x00007ff9b1b4a000 	C:\WINDOWS\SYSTEM32\VERSION.dll
0x00007ff992460000 - 0x00007ff992469000 	C:\WINDOWS\SYSTEM32\WSOCK32.dll
0x00007ff9b1b50000 - 0x00007ff9b1b84000 	C:\WINDOWS\SYSTEM32\WINMM.dll
0x00007ff9ba1c0000 - 0x00007ff9ba231000 	C:\WINDOWS\System32\WS2_32.dll
0x00007ff9b2360000 - 0x00007ff9b236f000 	C:\Program Files\Java\jdk1.8.0_202\jre\bin\verify.dll
0x00007ff9afc20000 - 0x00007ff9afc49000 	C:\Program Files\Java\jdk1.8.0_202\jre\bin\java.dll
0x00007ff9a5d10000 - 0x00007ff9a5d33000 	C:\Program Files\Java\jdk1.8.0_202\jre\bin\instrument.dll
0x00007ff9b12e0000 - 0x00007ff9b12f6000 	C:\Program Files\Java\jdk1.8.0_202\jre\bin\zip.dll
0x00007ff9b9890000 - 0x00007ff9ba0f7000 	C:\WINDOWS\System32\SHELL32.dll
0x00007ff9b6d50000 - 0x00007ff9b764f000 	C:\WINDOWS\SYSTEM32\windows.storage.dll
0x00007ff9bae10000 - 0x00007ff9bb19e000 	C:\WINDOWS\System32\combase.dll
0x00007ff9b6c10000 - 0x00007ff9b6d4f000 	C:\WINDOWS\SYSTEM32\wintypes.dll
0x00007ff9bb440000 - 0x00007ff9bb539000 	C:\WINDOWS\System32\SHCORE.dll
0x00007ff9ba240000 - 0x00007ff9ba29e000 	C:\WINDOWS\System32\shlwapi.dll
0x00007ff9b8d00000 - 0x00007ff9b8d27000 	C:\WINDOWS\SYSTEM32\profapi.dll
0x00007ff9afb50000 - 0x00007ff9afb6a000 	C:\Users\Balla Aron\AppData\Local\Programs\IntelliJ IDEA Ultimate\bin\breakgen64.dll
0x00007ff9a2b30000 - 0x00007ff9a2b4a000 	C:\Program Files\Java\jdk1.8.0_202\jre\bin\net.dll
0x00007ff9a8d00000 - 0x00007ff9a8ef0000 	C:\WINDOWS\SYSTEM32\urlmon.dll
0x00007ff9a8640000 - 0x00007ff9a88fe000 	C:\WINDOWS\SYSTEM32\iertutil.dll
0x00007ff9b7910000 - 0x00007ff9b791c000 	C:\WINDOWS\SYSTEM32\netutils.dll
0x00007ff9a85c0000 - 0x00007ff9a85e8000 	C:\WINDOWS\SYSTEM32\srvcli.dll
0x00007ff9b8380000 - 0x00007ff9b83e9000 	C:\WINDOWS\system32\mswsock.dll
0x00007ff99a150000 - 0x00007ff99a162000 	C:\Program Files\Java\jdk1.8.0_202\jre\bin\nio.dll
0x0000000069ac0000 - 0x0000000069ae4000 	C:\Users\Balla Aron\AppData\Local\Temp\jansi-2.4.0-7bb5b4f8733647bf-jansi.dll
0x00007ff9b1f70000 - 0x00007ff9b1f7d000 	C:\Program Files\Java\jdk1.8.0_202\jre\bin\management.dll
0x00007ff99eed0000 - 0x00007ff99eee7000 	C:\WINDOWS\system32\napinsp.dll
0x00007ff99eeb0000 - 0x00007ff99eecb000 	C:\WINDOWS\system32\pnrpnsp.dll
0x00007ff9b7990000 - 0x00007ff9b7a88000 	C:\WINDOWS\SYSTEM32\DNSAPI.dll
0x00007ff9b7920000 - 0x00007ff9b794d000 	C:\WINDOWS\SYSTEM32\IPHLPAPI.DLL
0x00007ff9bb7b0000 - 0x00007ff9bb7b9000 	C:\WINDOWS\System32\NSI.dll
0x00007ff99ea70000 - 0x00007ff99ea81000 	C:\WINDOWS\System32\winrnr.dll
0x00007ff99b6f0000 - 0x00007ff99b705000 	C:\WINDOWS\system32\wshbth.dll
0x00007ff99b6c0000 - 0x00007ff99b6e7000 	C:\WINDOWS\system32\nlansp_c.dll
0x00007ff9b2cf0000 - 0x00007ff9b2cfa000 	C:\Windows\System32\rasadhlp.dll
0x00007ff9b2880000 - 0x00007ff9b2903000 	C:\WINDOWS\System32\fwpuclnt.dll

VM Arguments:
jvm_args: -Dmaven.multiModuleProjectDirectory=C:\Users\Balla Aron\Medusa -Djansi.passthrough=true -Dmaven.home=C:\Users\Balla Aron\AppData\Local\Programs\IntelliJ IDEA Ultimate\plugins\maven\lib\maven3 -Dclassworlds.conf=C:\Users\Balla Aron\AppData\Local\Programs\IntelliJ IDEA Ultimate\plugins\maven\lib\maven3\bin\m2.conf -Dmaven.ext.class.path=C:\Users\Balla Aron\AppData\Local\Programs\IntelliJ IDEA Ultimate\plugins\maven\lib\maven-event-listener.jar -javaagent:C:\Users\Balla Aron\AppData\Local\Programs\IntelliJ IDEA Ultimate\lib\idea_rt.jar=58931:C:\Users\Balla Aron\AppData\Local\Programs\IntelliJ IDEA Ultimate\bin -Dfile.encoding=UTF-8 
java_command: org.codehaus.classworlds.Launcher -Didea.version=2024.1.3 install
java_class_path (initial): C:\Users\Balla Aron\AppData\Local\Programs\IntelliJ IDEA Ultimate\plugins\maven\lib\maven3\boot\plexus-classworlds-2.7.0.jar;C:\Users\Balla Aron\AppData\Local\Programs\IntelliJ IDEA Ultimate\plugins\maven\lib\maven3\boot\plexus-classworlds.license;C:\Users\Balla Aron\AppData\Local\Programs\IntelliJ IDEA Ultimate\lib\idea_rt.jar
Launcher Type: SUN_STANDARD

Environment Variables:
PATH=C:\Program Files\Common Files\Oracle\Java\javapath;C:\Program Files (x86)\Common Files\Oracle\Java\java8path;C:\Program Files (x86)\Common Files\Oracle\Java\javapath;C:\ProgramData\Oracle\Java\javapath;C:\Windows\system32;C:\Windows;C:\Windows\System32\Wbem;C:\Windows\System32\WindowsPowerShell\v1.0\;C:\Windows\System32\OpenSSH\;C:\Program Files (x86)\NVIDIA Corporation\PhysX\Common;C:\Program Files\NVIDIA Corporation\NVIDIA NvDLISR;C:\Program Files (x86)\dotnet\;C:\Program Files\Cloudflare\Cloudflare WARP\;C:\Program Files\dotnet\;C:\Program Files\Tailscale\;C:\Program Files\nodejs\;C:\WINDOWS\system32;C:\WINDOWS;C:\WINDOWS\System32\Wbem;C:\WINDOWS\System32\WindowsPowerShell\v1.0\;C:\WINDOWS\System32\OpenSSH\;C:\Program Files\Git\cmd;C:\Users\Balla Aron\AppData\Local\Microsoft\WindowsApps;C:\Users\Balla Aron\AppData\Local\Programs\Microsoft VS Code Insiders\bin;C:\Users\Balla Aron\AppData\Roaming\npm;C:\Users\Balla Aron\AppData\Local\spicetify;C:\Users\Balla Aron\AppData\Local\JetBrains\Toolbox\scripts
USERNAME=Limhax_
OS=Windows_NT
PROCESSOR_IDENTIFIER=Intel64 Family 6 Model 154 Stepping 3, GenuineIntel



---------------  S Y S T E M  ---------------

OS: Windows 10.0 , 64 bit Build 22621 (10.0.22621.3958)

CPU:total 20 (initial active 20) (10 cores per cpu, 2 threads per core) family 6 model 154 stepping 3, cmov, cx8, fxsr, mmx, sse, sse2, sse3, ssse3, sse4.1, sse4.2, popcnt, avx, avx2, aes, clmul, erms, 3dnowpref, lzcnt, ht, tsc, tscinvbit, bmi1, bmi2, adx

Memory: 4k page, physical 16388716k(519284k free), swap 40964716k(5328k free)

vm_info: Java HotSpot(TM) 64-Bit Server VM (25.202-b08) for windows-amd64 JRE (1.8.0_202-b08), built on Dec 15 2018 19:54:30 by "java_re" with MS VC++ 10.0 (VS2010)

time: Wed Sep 18 18:25:52 2024
timezone: Közép-európai nyári idõ 
elapsed time: 3 seconds (0d 0h 0m 3s)

